#
# A fatal error has been detected by the Java Runtime Environment:
#
#  SIGFPE (0x8) at pc=0x0000000112ae3188, pid=68831, tid=7427
#
# JRE version: OpenJDK Runtime Environment (11.0.8+10) (build 11.0.8+10-b944.6916264)
# Java VM: OpenJDK 64-Bit Server VM (11.0.8+10-b944.6916264, mixed mode, tiered, compressed oops, g1 gc, bsd-amd64)
# Problematic frame:
# j  com.example.myapplication.Kotlin.Calculator2.div([I)I+3
#
# No core dump will be written. Core dumps have been disabled. To enable core dumping, try "ulimit -c unlimited" before starting Java again
#
# If you would like to submit a bug report, please visit:
#   https://bugreport.java.com/bugreport/crash.jsp
#

---------------  S U M M A R Y ------------

Command Line: -javaagent:/Applications/Android Studio.app/Contents/lib/idea_rt.jar=62252:/Applications/Android Studio.app/Contents/bin -Dfile.encoding=UTF-8 com.example.myapplication.Kotlin._19_AssignmentKt

Host: MacBookPro17,1 x86_64 2400 MHz, 8 cores, 16G, Darwin 20.3.0
Time: Sun Jun 27 19:11:14 2021 KST elapsed time: 0 seconds (0d 0h 0m 0s)

---------------  T H R E A D  ---------------

Current thread (0x00007f94bb826000):  JavaThread "main" [_thread_in_Java, id=7427, stack(0x0000000305cf8000,0x0000000305df8000)]

Stack: [0x0000000305cf8000,0x0000000305df8000],  sp=0x0000000305df79f8,  free space=1022k
Native frames: (J=compiled Java code, A=aot compiled Java code, j=interpreted, Vv=VM code, C=native code)
j  com.example.myapplication.Kotlin.Calculator2.div([I)I+3
j  com.example.myapplication.Kotlin._19_AssignmentKt.main([Ljava/lang/String;)V+214
v  ~StubRoutines::call_stub
V  [libjvm.dylib+0x39947a]  JavaCalls::call_helper(JavaValue*, methodHandle const&, JavaCallArguments*, Thread*)+0x21a
V  [libjvm.dylib+0x3dcb1a]  jni_invoke_static(JNIEnv_*, JavaValue*, _jobject*, JNICallType, _jmethodID*, JNI_ArgumentPusher*, Thread*)+0x10a
V  [libjvm.dylib+0x3e030a]  jni_CallStaticVoidMethod+0x1d2
C  [libjli.dylib+0x4b26]  JavaMain+0xab5
C  [libsystem_pthread.dylib+0x6950]  _pthread_start+0xe0
C  [libsystem_pthread.dylib+0x247b]  thread_start+0xf


siginfo: si_signo: 8 (SIGFPE), si_code: 5 (FPE_FLTINV), si_addr: 0x0000000112ae3188

Register to memory mapping:

RAX=0x0000000000000064 is an unknown value
RBX=0x000000000000006c is an unknown value
RCX=0x0 is NULL
RDX=0x0 is NULL
RSP=0x0000000305df79f8 is pointing into the stack for thread: 0x00007f94bb826000
RBP=0x0000000305df7a40 is pointing into the stack for thread: 0x00007f94bb826000
RSI=0x0000000305df7990 is pointing into the stack for thread: 0x00007f94bb826000
RDI=0x00007f94bb826000 is a thread
R8 =0x00007f94bb826000 is a thread
R9 =0x0 is NULL
R10=0x000000010d94e7a0: _ZN19TemplateInterpreter13_active_tableE+0x2000 in /Applications/Android Studio.app/Contents/jre/jdk/Contents/Home/lib/server/libjvm.dylib at 0x000000010d000000
R11=0x0000000305df75b8 is pointing into the stack for thread: 0x00007f94bb826000
R12=0x0 is NULL
R13=0x000000012db94811 is pointing into metadata
R14=0x0000000305df7a78 is pointing into the stack for thread: 0x00007f94bb826000
R15=0x00007f94bb826000 is a thread


Registers:
RAX=0x0000000000000064, RBX=0x000000000000006c, RCX=0x0000000000000000, RDX=0x0000000000000000
RSP=0x0000000305df79f8, RBP=0x0000000305df7a40, RSI=0x0000000305df7990, RDI=0x00007f94bb826000
R8 =0x00007f94bb826000, R9 =0x0000000000000000, R10=0x000000010d94e7a0, R11=0x0000000305df75b8
R12=0x0000000000000000, R13=0x000000012db94811, R14=0x0000000305df7a78, R15=0x00007f94bb826000
RIP=0x0000000112ae3188, EFLAGS=0x0000000000000a83, ERR=0x0000000000000000
  TRAPNO=0x0000000000000000

Top of Stack: (sp=0x0000000305df79f8)
0x0000000305df79f8:   0000000305df79f8 000000012db947f3
0x0000000305df7a08:   0000000305df7a78 000000012db94940
0x0000000305df7a18:   0000000000000000 000000070fcaa750
0x0000000305df7a28:   000000012db94858 0000000000000000
0x0000000305df7a38:   0000000305df7a70 0000000305df7ac8
0x0000000305df7a48:   0000000112ad8600 0000000000000001
0x0000000305df7a58:   0000000000000003 0000000000000002
0x0000000305df7a68:   0000000000000064 000000070fcaaad8
0x0000000305df7a78:   000000070fcaa888 0000000305df7a80
0x0000000305df7a88:   000000012d9fddde 0000000305df7af8
0x0000000305df7a98:   000000012d9fc040 0000000000000000
0x0000000305df7aa8:   000000070fc8dba0 000000012d9fde30
0x0000000305df7ab8:   0000000305df7a70 0000000305df7af8
0x0000000305df7ac8:   0000000305df7b60 0000000112acf847
0x0000000305df7ad8:   0000000000000000 000000070fcaaad8
0x0000000305df7ae8:   000000070fcaa888 000000070fca7800
0x0000000305df7af8:   000000070fc8de88 0000000300001fa0
0x0000000305df7b08:   0000000305df7ce0 0000000305df7e98
0x0000000305df7b18:   000000012d9fde30 00007f94bb826000
0x0000000305df7b28:   0000000000000001 0000000305df7bc0
0x0000000305df7b38:   0000000305df7ea0 000000030000000a
0x0000000305df7b48:   000000012d9fde30 0000000112adcdc0
0x0000000305df7b58:   0000000305df7ce8 0000000305df7c50
0x0000000305df7b68:   000000010d39947a 0000000000000001
0x0000000305df7b78:   00007f94bb826000 00007f94bb826000
0x0000000305df7b88:   00007f94bb826000 00007f94bac128c0
0x0000000305df7b98:   00007f94bac12cf0 00007f94bac12d00
0x0000000305df7ba8:   00007f94bac12dd8 00000000000000d8
0x0000000305df7bb8:   00007f94bac12900 00007f94bb826000
0x0000000305df7bc8:   00007f94bac139d0 000000012d9fde30
0x0000000305df7bd8:   0000000000000000 0000000000000000
0x0000000305df7be8:   0000000000000000 0000000000000000 

Instructions: (pc=0x0000000112ae3188)
0x0000000112ae3088:   00 b1 77 0d 01 00 00 00 6a 00 00 00 00 00 00 00
0x0000000112ae3098:   00 00 00 00 00 00 00 00 f3 0f 10 04 24 48 83 c4
0x0000000112ae30a8:   08 f3 0f 59 04 24 48 83 c4 08 41 0f b6 5d 01 49
0x0000000112ae30b8:   ff c5 49 ba a0 f7 94 0d 01 00 00 00 41 ff 24 da
0x0000000112ae30c8:   00 00 00 00 00 00 00 00 00 00 00 00 00 00 00 00
0x0000000112ae30d8:   00 00 00 00 00 00 00 00 60 00 00 00 00 00 00 00
0x0000000112ae30e8:   05 b1 77 0d 01 00 00 00 6b 00 00 00 00 00 00 00
0x0000000112ae30f8:   00 00 00 00 00 00 00 00 f2 0f 10 04 24 48 83 c4
0x0000000112ae3108:   10 f2 0f 59 04 24 48 83 c4 10 41 0f b6 5d 01 49
0x0000000112ae3118:   ff c5 49 ba a0 ff 94 0d 01 00 00 00 41 ff 24 da
0x0000000112ae3128:   00 00 00 00 00 00 00 00 00 00 00 00 00 00 00 00
0x0000000112ae3138:   00 00 00 00 00 00 00 00 60 00 00 00 00 00 00 00
0x0000000112ae3148:   0a b1 77 0d 01 00 00 00 6c 00 00 00 00 00 00 00
0x0000000112ae3158:   00 00 00 00 00 00 00 00 8b 04 24 48 83 c4 08 8b
0x0000000112ae3168:   c8 8b 04 24 48 83 c4 08 81 f8 00 00 00 80 0f 85
0x0000000112ae3178:   0b 00 00 00 33 d2 83 f9 ff 0f 84 03 00 00 00 99
0x0000000112ae3188:   f7 f9 41 0f b6 5d 01 49 ff c5 49 ba a0 e7 94 0d
0x0000000112ae3198:   01 00 00 00 41 ff 24 da 80 00 00 00 00 00 00 00
0x0000000112ae31a8:   0f b1 77 0d 01 00 00 00 6d 00 00 00 00 00 00 00
0x0000000112ae31b8:   00 00 00 00 00 00 00 00 48 8b 04 24 48 83 c4 10
0x0000000112ae31c8:   48 8b c8 48 8b 04 24 48 83 c4 10 48 85 c9 0f 84
0x0000000112ae31d8:   d3 98 ff ff 48 3b 05 3d d4 d0 fa 0f 85 0c 00 00
0x0000000112ae31e8:   00 33 d2 48 83 f9 ff 0f 84 05 00 00 00 48 99 48
0x0000000112ae31f8:   f7 f9 41 0f b6 5d 01 49 ff c5 49 ba a0 ef 94 0d
0x0000000112ae3208:   01 00 00 00 41 ff 24 da 00 00 00 00 00 00 00 00
0x0000000112ae3218:   00 00 00 00 00 00 00 00 60 00 00 00 00 00 00 00
0x0000000112ae3228:   14 b1 77 0d 01 00 00 00 6e 00 00 00 00 00 00 00
0x0000000112ae3238:   00 00 00 00 00 00 00 00 f3 0f 10 04 24 48 83 c4
0x0000000112ae3248:   08 0f 28 c8 f3 0f 10 04 24 48 83 c4 08 f3 0f 5e
0x0000000112ae3258:   c1 41 0f b6 5d 01 49 ff c5 49 ba a0 f7 94 0d 01
0x0000000112ae3268:   00 00 00 41 ff 24 da 90 00 00 00 00 00 00 00 00
0x0000000112ae3278:   00 00 00 00 00 00 00 00 60 00 00 00 00 00 00 00 


Stack slot to memory mapping:
stack at sp + 0 slots: 0x0000000305df79f8 is pointing into the stack for thread: 0x00007f94bb826000
stack at sp + 1 slots: 0x000000012db947f3 is pointing into metadata
stack at sp + 2 slots: 0x0000000305df7a78 is pointing into the stack for thread: 0x00007f94bb826000
stack at sp + 3 slots: 0x000000012db94940 is pointing into metadata
stack at sp + 4 slots: 0x0 is NULL
stack at sp + 5 slots: 0x000000070fcaa750 is an oop: java.lang.Class 
{0x000000070fcaa750} - klass: 'java/lang/Class'
stack at sp + 6 slots: {method} {0x000000012db94858} 'div' '([I)I' in 'com/example/myapplication/Kotlin/Calculator2'
stack at sp + 7 slots: 0x0 is NULL

idiv  108 idiv  [0x0000000112ae3160, 0x0000000112ae31a0]  64 bytes

---------------  P R O C E S S  ---------------

Threads class SMR info:
_java_thread_list=0x00007f94bae43bb0, length=10, elements={
0x00007f94bb826000, 0x00007f94ab00c800, 0x00007f94bb015800, 0x00007f94bb91f800,
0x00007f94bc059800, 0x00007f94bc044000, 0x00007f94bb01e000, 0x00007f94bc045000,
0x00007f94bba45000, 0x00007f94bc012800
}

Java Threads: ( => current thread )
=>0x00007f94bb826000 JavaThread "main" [_thread_in_Java, id=7427, stack(0x0000000305cf8000,0x0000000305df8000)]
  0x00007f94ab00c800 JavaThread "Reference Handler" daemon [_thread_blocked, id=17411, stack(0x000000030640d000,0x000000030650d000)]
  0x00007f94bb015800 JavaThread "Finalizer" daemon [_thread_blocked, id=16899, stack(0x0000000306510000,0x0000000306610000)]
  0x00007f94bb91f800 JavaThread "Signal Dispatcher" daemon [_thread_blocked, id=41219, stack(0x0000000306723000,0x0000000306823000)]
  0x00007f94bc059800 JavaThread "C2 CompilerThread0" daemon [_thread_blocked, id=40707, stack(0x0000000306826000,0x0000000306926000)]
  0x00007f94bc044000 JavaThread "C1 CompilerThread0" daemon [_thread_blocked, id=40451, stack(0x0000000306929000,0x0000000306a29000)]
  0x00007f94bb01e000 JavaThread "Sweeper thread" daemon [_thread_blocked, id=24835, stack(0x0000000306a2c000,0x0000000306b2c000)]
  0x00007f94bc045000 JavaThread "Common-Cleaner" daemon [_thread_blocked, id=38659, stack(0x0000000306b2f000,0x0000000306c2f000)]
  0x00007f94bba45000 JavaThread "Monitor Ctrl-Break" daemon [_thread_in_native, id=37891, stack(0x0000000306c32000,0x0000000306d32000)]
  0x00007f94bc012800 JavaThread "Service Thread" daemon [_thread_blocked, id=37379, stack(0x0000000306d35000,0x0000000306e35000)]

Other Threads:
  0x00007f94bc059000 VMThread "VM Thread" [stack: 0x000000030630a000,0x000000030640a000] [id=18179]
  0x00007f94bc058000 WatcherThread [stack: 0x0000000306e38000,0x0000000306f38000] [id=36443]
  0x00007f94bb818800 GCTaskThread "GC Thread#0" [stack: 0x0000000305dfb000,0x0000000305efb000] [id=13827]
  0x00007f94bb868800 ConcurrentGCThread "G1 Main Marker" [stack: 0x0000000305efe000,0x0000000305ffe000] [id=14083]
  0x00007f94bb869000 ConcurrentGCThread "G1 Conc#0" [stack: 0x0000000306001000,0x0000000306101000] [id=14595]
  0x00007f94bb90a000 ConcurrentGCThread "G1 Refine#0" [stack: 0x0000000306104000,0x0000000306204000] [id=19203]
  0x00007f94bb90a800 ConcurrentGCThread "G1 Young RemSet Sampling" [stack: 0x0000000306207000,0x0000000306307000] [id=14851]

Threads with active compile tasks:

VM state:not at safepoint (normal execution)

VM Mutex/Monitor currently owned by a thread: None

Heap address: 0x0000000700000000, size: 4096 MB, Compressed Oops mode: Zero based, Oop shift amount: 3
Narrow klass base: 0x0000000800000000, Narrow klass shift: 0
Compressed class space size: 1073741824 Address: 0x0000000800000000

Heap:
 garbage-first heap   total 262144K, used 6144K [0x0000000700000000, 0x0000000800000000)
  region size 1024K, 5 young (5120K), 0 survivors (0K)
 Metaspace       used 6531K, capacity 6676K, committed 6784K, reserved 1056768K
  class space    used 574K, capacity 605K, committed 640K, reserved 1048576K
Heap Regions: E=young(eden), S=young(survivor), O=old, HS=humongous(starts), HC=humongous(continues), CS=collection set, F=free, A=archive, TAMS=top-at-mark-start (previous, next)
|   0|0x0000000700000000, 0x0000000700100000, 0x0000000700100000|100%|HS|  |TAMS 0x0000000700000000, 0x0000000700000000| Complete 
|   1|0x0000000700100000, 0x0000000700200000, 0x0000000700200000|100%|HC|  |TAMS 0x0000000700100000, 0x0000000700100000| Complete 
|   2|0x0000000700200000, 0x0000000700200000, 0x0000000700300000|  0%| F|  |TAMS 0x0000000700200000, 0x0000000700200000| Untracked 
|   3|0x0000000700300000, 0x0000000700300000, 0x0000000700400000|  0%| F|  |TAMS 0x0000000700300000, 0x0000000700300000| Untracked 
|   4|0x0000000700400000, 0x0000000700400000, 0x0000000700500000|  0%| F|  |TAMS 0x0000000700400000, 0x0000000700400000| Untracked 
|   5|0x0000000700500000, 0x0000000700500000, 0x0000000700600000|  0%| F|  |TAMS 0x0000000700500000, 0x0000000700500000| Untracked 
|   6|0x0000000700600000, 0x0000000700600000, 0x0000000700700000|  0%| F|  |TAMS 0x0000000700600000, 0x0000000700600000| Untracked 
|   7|0x0000000700700000, 0x0000000700700000, 0x0000000700800000|  0%| F|  |TAMS 0x0000000700700000, 0x0000000700700000| Untracked 
|   8|0x0000000700800000, 0x0000000700800000, 0x0000000700900000|  0%| F|  |TAMS 0x0000000700800000, 0x0000000700800000| Untracked 
|   9|0x0000000700900000, 0x0000000700900000, 0x0000000700a00000|  0%| F|  |TAMS 0x0000000700900000, 0x0000000700900000| Untracked 
|  10|0x0000000700a00000, 0x0000000700a00000, 0x0000000700b00000|  0%| F|  |TAMS 0x0000000700a00000, 0x0000000700a00000| Untracked 
|  11|0x0000000700b00000, 0x0000000700b00000, 0x0000000700c00000|  0%| F|  |TAMS 0x0000000700b00000, 0x0000000700b00000| Untracked 
|  12|0x0000000700c00000, 0x0000000700c00000, 0x0000000700d00000|  0%| F|  |TAMS 0x0000000700c00000, 0x0000000700c00000| Untracked 
|  13|0x0000000700d00000, 0x0000000700d00000, 0x0000000700e00000|  0%| F|  |TAMS 0x0000000700d00000, 0x0000000700d00000| Untracked 
|  14|0x0000000700e00000, 0x0000000700e00000, 0x0000000700f00000|  0%| F|  |TAMS 0x0000000700e00000, 0x0000000700e00000| Untracked 
|  15|0x0000000700f00000, 0x0000000700f00000, 0x0000000701000000|  0%| F|  |TAMS 0x0000000700f00000, 0x0000000700f00000| Untracked 
|  16|0x0000000701000000, 0x0000000701000000, 0x0000000701100000|  0%| F|  |TAMS 0x0000000701000000, 0x0000000701000000| Untracked 
|  17|0x0000000701100000, 0x0000000701100000, 0x0000000701200000|  0%| F|  |TAMS 0x0000000701100000, 0x0000000701100000| Untracked 
|  18|0x0000000701200000, 0x0000000701200000, 0x0000000701300000|  0%| F|  |TAMS 0x0000000701200000, 0x0000000701200000| Untracked 
|  19|0x0000000701300000, 0x0000000701300000, 0x0000000701400000|  0%| F|  |TAMS 0x0000000701300000, 0x0000000701300000| Untracked 
|  20|0x0000000701400000, 0x0000000701400000, 0x0000000701500000|  0%| F|  |TAMS 0x0000000701400000, 0x0000000701400000| Untracked 
|  21|0x0000000701500000, 0x0000000701500000, 0x0000000701600000|  0%| F|  |TAMS 0x0000000701500000, 0x0000000701500000| Untracked 
|  22|0x0000000701600000, 0x0000000701600000, 0x0000000701700000|  0%| F|  |TAMS 0x0000000701600000, 0x0000000701600000| Untracked 
|  23|0x0000000701700000, 0x0000000701700000, 0x0000000701800000|  0%| F|  |TAMS 0x0000000701700000, 0x0000000701700000| Untracked 
|  24|0x0000000701800000, 0x0000000701800000, 0x0000000701900000|  0%| F|  |TAMS 0x0000000701800000, 0x0000000701800000| Untracked 
|  25|0x0000000701900000, 0x0000000701900000, 0x0000000701a00000|  0%| F|  |TAMS 0x0000000701900000, 0x0000000701900000| Untracked 
|  26|0x0000000701a00000, 0x0000000701a00000, 0x0000000701b00000|  0%| F|  |TAMS 0x0000000701a00000, 0x0000000701a00000| Untracked 
|  27|0x0000000701b00000, 0x0000000701b00000, 0x0000000701c00000|  0%| F|  |TAMS 0x0000000701b00000, 0x0000000701b00000| Untracked 
|  28|0x0000000701c00000, 0x0000000701c00000, 0x0000000701d00000|  0%| F|  |TAMS 0x0000000701c00000, 0x0000000701c00000| Untracked 
|  29|0x0000000701d00000, 0x0000000701d00000, 0x0000000701e00000|  0%| F|  |TAMS 0x0000000701d00000, 0x0000000701d00000| Untracked 
|  30|0x0000000701e00000, 0x0000000701e00000, 0x0000000701f00000|  0%| F|  |TAMS 0x0000000701e00000, 0x0000000701e00000| Untracked 
|  31|0x0000000701f00000, 0x0000000701f00000, 0x0000000702000000|  0%| F|  |TAMS 0x0000000701f00000, 0x0000000701f00000| Untracked 
|  32|0x0000000702000000, 0x0000000702000000, 0x0000000702100000|  0%| F|  |TAMS 0x0000000702000000, 0x0000000702000000| Untracked 
|  33|0x0000000702100000, 0x0000000702100000, 0x0000000702200000|  0%| F|  |TAMS 0x0000000702100000, 0x0000000702100000| Untracked 
|  34|0x0000000702200000, 0x0000000702200000, 0x0000000702300000|  0%| F|  |TAMS 0x0000000702200000, 0x0000000702200000| Untracked 
|  35|0x0000000702300000, 0x0000000702300000, 0x0000000702400000|  0%| F|  |TAMS 0x0000000702300000, 0x0000000702300000| Untracked 
|  36|0x0000000702400000, 0x0000000702400000, 0x0000000702500000|  0%| F|  |TAMS 0x0000000702400000, 0x0000000702400000| Untracked 
|  37|0x0000000702500000, 0x0000000702500000, 0x0000000702600000|  0%| F|  |TAMS 0x0000000702500000, 0x0000000702500000| Untracked 
|  38|0x0000000702600000, 0x0000000702600000, 0x0000000702700000|  0%| F|  |TAMS 0x0000000702600000, 0x0000000702600000| Untracked 
|  39|0x0000000702700000, 0x0000000702700000, 0x0000000702800000|  0%| F|  |TAMS 0x0000000702700000, 0x0000000702700000| Untracked 
|  40|0x0000000702800000, 0x0000000702800000, 0x0000000702900000|  0%| F|  |TAMS 0x0000000702800000, 0x0000000702800000| Untracked 
|  41|0x0000000702900000, 0x0000000702900000, 0x0000000702a00000|  0%| F|  |TAMS 0x0000000702900000, 0x0000000702900000| Untracked 
|  42|0x0000000702a00000, 0x0000000702a00000, 0x0000000702b00000|  0%| F|  |TAMS 0x0000000702a00000, 0x0000000702a00000| Untracked 
|  43|0x0000000702b00000, 0x0000000702b00000, 0x0000000702c00000|  0%| F|  |TAMS 0x0000000702b00000, 0x0000000702b00000| Untracked 
|  44|0x0000000702c00000, 0x0000000702c00000, 0x0000000702d00000|  0%| F|  |TAMS 0x0000000702c00000, 0x0000000702c00000| Untracked 
|  45|0x0000000702d00000, 0x0000000702d00000, 0x0000000702e00000|  0%| F|  |TAMS 0x0000000702d00000, 0x0000000702d00000| Untracked 
|  46|0x0000000702e00000, 0x0000000702e00000, 0x0000000702f00000|  0%| F|  |TAMS 0x0000000702e00000, 0x0000000702e00000| Untracked 
|  47|0x0000000702f00000, 0x0000000702f00000, 0x0000000703000000|  0%| F|  |TAMS 0x0000000702f00000, 0x0000000702f00000| Untracked 
|  48|0x0000000703000000, 0x0000000703000000, 0x0000000703100000|  0%| F|  |TAMS 0x0000000703000000, 0x0000000703000000| Untracked 
|  49|0x0000000703100000, 0x0000000703100000, 0x0000000703200000|  0%| F|  |TAMS 0x0000000703100000, 0x0000000703100000| Untracked 
|  50|0x0000000703200000, 0x0000000703200000, 0x0000000703300000|  0%| F|  |TAMS 0x0000000703200000, 0x0000000703200000| Untracked 
|  51|0x0000000703300000, 0x0000000703300000, 0x0000000703400000|  0%| F|  |TAMS 0x0000000703300000, 0x0000000703300000| Untracked 
|  52|0x0000000703400000, 0x0000000703400000, 0x0000000703500000|  0%| F|  |TAMS 0x0000000703400000, 0x0000000703400000| Untracked 
|  53|0x0000000703500000, 0x0000000703500000, 0x0000000703600000|  0%| F|  |TAMS 0x0000000703500000, 0x0000000703500000| Untracked 
|  54|0x0000000703600000, 0x0000000703600000, 0x0000000703700000|  0%| F|  |TAMS 0x0000000703600000, 0x0000000703600000| Untracked 
|  55|0x0000000703700000, 0x0000000703700000, 0x0000000703800000|  0%| F|  |TAMS 0x0000000703700000, 0x0000000703700000| Untracked 
|  56|0x0000000703800000, 0x0000000703800000, 0x0000000703900000|  0%| F|  |TAMS 0x0000000703800000, 0x0000000703800000| Untracked 
|  57|0x0000000703900000, 0x0000000703900000, 0x0000000703a00000|  0%| F|  |TAMS 0x0000000703900000, 0x0000000703900000| Untracked 
|  58|0x0000000703a00000, 0x0000000703a00000, 0x0000000703b00000|  0%| F|  |TAMS 0x0000000703a00000, 0x0000000703a00000| Untracked 
|  59|0x0000000703b00000, 0x0000000703b00000, 0x0000000703c00000|  0%| F|  |TAMS 0x0000000703b00000, 0x0000000703b00000| Untracked 
|  60|0x0000000703c00000, 0x0000000703c00000, 0x0000000703d00000|  0%| F|  |TAMS 0x0000000703c00000, 0x0000000703c00000| Untracked 
|  61|0x0000000703d00000, 0x0000000703d00000, 0x0000000703e00000|  0%| F|  |TAMS 0x0000000703d00000, 0x0000000703d00000| Untracked 
|  62|0x0000000703e00000, 0x0000000703e00000, 0x0000000703f00000|  0%| F|  |TAMS 0x0000000703e00000, 0x0000000703e00000| Untracked 
|  63|0x0000000703f00000, 0x0000000703f00000, 0x0000000704000000|  0%| F|  |TAMS 0x0000000703f00000, 0x0000000703f00000| Untracked 
|  64|0x0000000704000000, 0x0000000704000000, 0x0000000704100000|  0%| F|  |TAMS 0x0000000704000000, 0x0000000704000000| Untracked 
|  65|0x0000000704100000, 0x0000000704100000, 0x0000000704200000|  0%| F|  |TAMS 0x0000000704100000, 0x0000000704100000| Untracked 
|  66|0x0000000704200000, 0x0000000704200000, 0x0000000704300000|  0%| F|  |TAMS 0x0000000704200000, 0x0000000704200000| Untracked 
|  67|0x0000000704300000, 0x0000000704300000, 0x0000000704400000|  0%| F|  |TAMS 0x0000000704300000, 0x0000000704300000| Untracked 
|  68|0x0000000704400000, 0x0000000704400000, 0x0000000704500000|  0%| F|  |TAMS 0x0000000704400000, 0x0000000704400000| Untracked 
|  69|0x0000000704500000, 0x0000000704500000, 0x0000000704600000|  0%| F|  |TAMS 0x0000000704500000, 0x0000000704500000| Untracked 
|  70|0x0000000704600000, 0x0000000704600000, 0x0000000704700000|  0%| F|  |TAMS 0x0000000704600000, 0x0000000704600000| Untracked 
|  71|0x0000000704700000, 0x0000000704700000, 0x0000000704800000|  0%| F|  |TAMS 0x0000000704700000, 0x0000000704700000| Untracked 
|  72|0x0000000704800000, 0x0000000704800000, 0x0000000704900000|  0%| F|  |TAMS 0x0000000704800000, 0x0000000704800000| Untracked 
|  73|0x0000000704900000, 0x0000000704900000, 0x0000000704a00000|  0%| F|  |TAMS 0x0000000704900000, 0x0000000704900000| Untracked 
|  74|0x0000000704a00000, 0x0000000704a00000, 0x0000000704b00000|  0%| F|  |TAMS 0x0000000704a00000, 0x0000000704a00000| Untracked 
|  75|0x0000000704b00000, 0x0000000704b00000, 0x0000000704c00000|  0%| F|  |TAMS 0x0000000704b00000, 0x0000000704b00000| Untracked 
|  76|0x0000000704c00000, 0x0000000704c00000, 0x0000000704d00000|  0%| F|  |TAMS 0x0000000704c00000, 0x0000000704c00000| Untracked 
|  77|0x0000000704d00000, 0x0000000704d00000, 0x0000000704e00000|  0%| F|  |TAMS 0x0000000704d00000, 0x0000000704d00000| Untracked 
|  78|0x0000000704e00000, 0x0000000704e00000, 0x0000000704f00000|  0%| F|  |TAMS 0x0000000704e00000, 0x0000000704e00000| Untracked 
|  79|0x0000000704f00000, 0x0000000704f00000, 0x0000000705000000|  0%| F|  |TAMS 0x0000000704f00000, 0x0000000704f00000| Untracked 
|  80|0x0000000705000000, 0x0000000705000000, 0x0000000705100000|  0%| F|  |TAMS 0x0000000705000000, 0x0000000705000000| Untracked 
|  81|0x0000000705100000, 0x0000000705100000, 0x0000000705200000|  0%| F|  |TAMS 0x0000000705100000, 0x0000000705100000| Untracked 
|  82|0x0000000705200000, 0x0000000705200000, 0x0000000705300000|  0%| F|  |TAMS 0x0000000705200000, 0x0000000705200000| Untracked 
|  83|0x0000000705300000, 0x0000000705300000, 0x0000000705400000|  0%| F|  |TAMS 0x0000000705300000, 0x0000000705300000| Untracked 
|  84|0x0000000705400000, 0x0000000705400000, 0x0000000705500000|  0%| F|  |TAMS 0x0000000705400000, 0x0000000705400000| Untracked 
|  85|0x0000000705500000, 0x0000000705500000, 0x0000000705600000|  0%| F|  |TAMS 0x0000000705500000, 0x0000000705500000| Untracked 
|  86|0x0000000705600000, 0x0000000705600000, 0x0000000705700000|  0%| F|  |TAMS 0x0000000705600000, 0x0000000705600000| Untracked 
|  87|0x0000000705700000, 0x0000000705700000, 0x0000000705800000|  0%| F|  |TAMS 0x0000000705700000, 0x0000000705700000| Untracked 
|  88|0x0000000705800000, 0x0000000705800000, 0x0000000705900000|  0%| F|  |TAMS 0x0000000705800000, 0x0000000705800000| Untracked 
|  89|0x0000000705900000, 0x0000000705900000, 0x0000000705a00000|  0%| F|  |TAMS 0x0000000705900000, 0x0000000705900000| Untracked 
|  90|0x0000000705a00000, 0x0000000705a00000, 0x0000000705b00000|  0%| F|  |TAMS 0x0000000705a00000, 0x0000000705a00000| Untracked 
|  91|0x0000000705b00000, 0x0000000705b00000, 0x0000000705c00000|  0%| F|  |TAMS 0x0000000705b00000, 0x0000000705b00000| Untracked 
|  92|0x0000000705c00000, 0x0000000705c00000, 0x0000000705d00000|  0%| F|  |TAMS 0x0000000705c00000, 0x0000000705c00000| Untracked 
|  93|0x0000000705d00000, 0x0000000705d00000, 0x0000000705e00000|  0%| F|  |TAMS 0x0000000705d00000, 0x0000000705d00000| Untracked 
|  94|0x0000000705e00000, 0x0000000705e00000, 0x0000000705f00000|  0%| F|  |TAMS 0x0000000705e00000, 0x0000000705e00000| Untracked 
|  95|0x0000000705f00000, 0x0000000705f00000, 0x0000000706000000|  0%| F|  |TAMS 0x0000000705f00000, 0x0000000705f00000| Untracked 
|  96|0x0000000706000000, 0x0000000706000000, 0x0000000706100000|  0%| F|  |TAMS 0x0000000706000000, 0x0000000706000000| Untracked 
|  97|0x0000000706100000, 0x0000000706100000, 0x0000000706200000|  0%| F|  |TAMS 0x0000000706100000, 0x0000000706100000| Untracked 
|  98|0x0000000706200000, 0x0000000706200000, 0x0000000706300000|  0%| F|  |TAMS 0x0000000706200000, 0x0000000706200000| Untracked 
|  99|0x0000000706300000, 0x0000000706300000, 0x0000000706400000|  0%| F|  |TAMS 0x0000000706300000, 0x0000000706300000| Untracked 
| 100|0x0000000706400000, 0x0000000706400000, 0x0000000706500000|  0%| F|  |TAMS 0x0000000706400000, 0x0000000706400000| Untracked 
| 101|0x0000000706500000, 0x0000000706500000, 0x0000000706600000|  0%| F|  |TAMS 0x0000000706500000, 0x0000000706500000| Untracked 
| 102|0x0000000706600000, 0x0000000706600000, 0x0000000706700000|  0%| F|  |TAMS 0x0000000706600000, 0x0000000706600000| Untracked 
| 103|0x0000000706700000, 0x0000000706700000, 0x0000000706800000|  0%| F|  |TAMS 0x0000000706700000, 0x0000000706700000| Untracked 
| 104|0x0000000706800000, 0x0000000706800000, 0x0000000706900000|  0%| F|  |TAMS 0x0000000706800000, 0x0000000706800000| Untracked 
| 105|0x0000000706900000, 0x0000000706900000, 0x0000000706a00000|  0%| F|  |TAMS 0x0000000706900000, 0x0000000706900000| Untracked 
| 106|0x0000000706a00000, 0x0000000706a00000, 0x0000000706b00000|  0%| F|  |TAMS 0x0000000706a00000, 0x0000000706a00000| Untracked 
| 107|0x0000000706b00000, 0x0000000706b00000, 0x0000000706c00000|  0%| F|  |TAMS 0x0000000706b00000, 0x0000000706b00000| Untracked 
| 108|0x0000000706c00000, 0x0000000706c00000, 0x0000000706d00000|  0%| F|  |TAMS 0x0000000706c00000, 0x0000000706c00000| Untracked 
| 109|0x0000000706d00000, 0x0000000706d00000, 0x0000000706e00000|  0%| F|  |TAMS 0x0000000706d00000, 0x0000000706d00000| Untracked 
| 110|0x0000000706e00000, 0x0000000706e00000, 0x0000000706f00000|  0%| F|  |TAMS 0x0000000706e00000, 0x0000000706e00000| Untracked 
| 111|0x0000000706f00000, 0x0000000706f00000, 0x0000000707000000|  0%| F|  |TAMS 0x0000000706f00000, 0x0000000706f00000| Untracked 
| 112|0x0000000707000000, 0x0000000707000000, 0x0000000707100000|  0%| F|  |TAMS 0x0000000707000000, 0x0000000707000000| Untracked 
| 113|0x0000000707100000, 0x0000000707100000, 0x0000000707200000|  0%| F|  |TAMS 0x0000000707100000, 0x0000000707100000| Untracked 
| 114|0x0000000707200000, 0x0000000707200000, 0x0000000707300000|  0%| F|  |TAMS 0x0000000707200000, 0x0000000707200000| Untracked 
| 115|0x0000000707300000, 0x0000000707300000, 0x0000000707400000|  0%| F|  |TAMS 0x0000000707300000, 0x0000000707300000| Untracked 
| 116|0x0000000707400000, 0x0000000707400000, 0x0000000707500000|  0%| F|  |TAMS 0x0000000707400000, 0x0000000707400000| Untracked 
| 117|0x0000000707500000, 0x0000000707500000, 0x0000000707600000|  0%| F|  |TAMS 0x0000000707500000, 0x0000000707500000| Untracked 
| 118|0x0000000707600000, 0x0000000707600000, 0x0000000707700000|  0%| F|  |TAMS 0x0000000707600000, 0x0000000707600000| Untracked 
| 119|0x0000000707700000, 0x0000000707700000, 0x0000000707800000|  0%| F|  |TAMS 0x0000000707700000, 0x0000000707700000| Untracked 
| 120|0x0000000707800000, 0x0000000707800000, 0x0000000707900000|  0%| F|  |TAMS 0x0000000707800000, 0x0000000707800000| Untracked 
| 121|0x0000000707900000, 0x0000000707900000, 0x0000000707a00000|  0%| F|  |TAMS 0x0000000707900000, 0x0000000707900000| Untracked 
| 122|0x0000000707a00000, 0x0000000707a00000, 0x0000000707b00000|  0%| F|  |TAMS 0x0000000707a00000, 0x0000000707a00000| Untracked 
| 123|0x0000000707b00000, 0x0000000707b00000, 0x0000000707c00000|  0%| F|  |TAMS 0x0000000707b00000, 0x0000000707b00000| Untracked 
| 124|0x0000000707c00000, 0x0000000707c00000, 0x0000000707d00000|  0%| F|  |TAMS 0x0000000707c00000, 0x0000000707c00000| Untracked 
| 125|0x0000000707d00000, 0x0000000707d00000, 0x0000000707e00000|  0%| F|  |TAMS 0x0000000707d00000, 0x0000000707d00000| Untracked 
| 126|0x0000000707e00000, 0x0000000707e00000, 0x0000000707f00000|  0%| F|  |TAMS 0x0000000707e00000, 0x0000000707e00000| Untracked 
| 127|0x0000000707f00000, 0x0000000707f00000, 0x0000000708000000|  0%| F|  |TAMS 0x0000000707f00000, 0x0000000707f00000| Untracked 
| 128|0x0000000708000000, 0x0000000708000000, 0x0000000708100000|  0%| F|  |TAMS 0x0000000708000000, 0x0000000708000000| Untracked 
| 129|0x0000000708100000, 0x0000000708100000, 0x0000000708200000|  0%| F|  |TAMS 0x0000000708100000, 0x0000000708100000| Untracked 
| 130|0x0000000708200000, 0x0000000708200000, 0x0000000708300000|  0%| F|  |TAMS 0x0000000708200000, 0x0000000708200000| Untracked 
| 131|0x0000000708300000, 0x0000000708300000, 0x0000000708400000|  0%| F|  |TAMS 0x0000000708300000, 0x0000000708300000| Untracked 
| 132|0x0000000708400000, 0x0000000708400000, 0x0000000708500000|  0%| F|  |TAMS 0x0000000708400000, 0x0000000708400000| Untracked 
| 133|0x0000000708500000, 0x0000000708500000, 0x0000000708600000|  0%| F|  |TAMS 0x0000000708500000, 0x0000000708500000| Untracked 
| 134|0x0000000708600000, 0x0000000708600000, 0x0000000708700000|  0%| F|  |TAMS 0x0000000708600000, 0x0000000708600000| Untracked 
| 135|0x0000000708700000, 0x0000000708700000, 0x0000000708800000|  0%| F|  |TAMS 0x0000000708700000, 0x0000000708700000| Untracked 
| 136|0x0000000708800000, 0x0000000708800000, 0x0000000708900000|  0%| F|  |TAMS 0x0000000708800000, 0x0000000708800000| Untracked 
| 137|0x0000000708900000, 0x0000000708900000, 0x0000000708a00000|  0%| F|  |TAMS 0x0000000708900000, 0x0000000708900000| Untracked 
| 138|0x0000000708a00000, 0x0000000708a00000, 0x0000000708b00000|  0%| F|  |TAMS 0x0000000708a00000, 0x0000000708a00000| Untracked 
| 139|0x0000000708b00000, 0x0000000708b00000, 0x0000000708c00000|  0%| F|  |TAMS 0x0000000708b00000, 0x0000000708b00000| Untracked 
| 140|0x0000000708c00000, 0x0000000708c00000, 0x0000000708d00000|  0%| F|  |TAMS 0x0000000708c00000, 0x0000000708c00000| Untracked 
| 141|0x0000000708d00000, 0x0000000708d00000, 0x0000000708e00000|  0%| F|  |TAMS 0x0000000708d00000, 0x0000000708d00000| Untracked 
| 142|0x0000000708e00000, 0x0000000708e00000, 0x0000000708f00000|  0%| F|  |TAMS 0x0000000708e00000, 0x0000000708e00000| Untracked 
| 143|0x0000000708f00000, 0x0000000708f00000, 0x0000000709000000|  0%| F|  |TAMS 0x0000000708f00000, 0x0000000708f00000| Untracked 
| 144|0x0000000709000000, 0x0000000709000000, 0x0000000709100000|  0%| F|  |TAMS 0x0000000709000000, 0x0000000709000000| Untracked 
| 145|0x0000000709100000, 0x0000000709100000, 0x0000000709200000|  0%| F|  |TAMS 0x0000000709100000, 0x0000000709100000| Untracked 
| 146|0x0000000709200000, 0x0000000709200000, 0x0000000709300000|  0%| F|  |TAMS 0x0000000709200000, 0x0000000709200000| Untracked 
| 147|0x0000000709300000, 0x0000000709300000, 0x0000000709400000|  0%| F|  |TAMS 0x0000000709300000, 0x0000000709300000| Untracked 
| 148|0x0000000709400000, 0x0000000709400000, 0x0000000709500000|  0%| F|  |TAMS 0x0000000709400000, 0x0000000709400000| Untracked 
| 149|0x0000000709500000, 0x0000000709500000, 0x0000000709600000|  0%| F|  |TAMS 0x0000000709500000, 0x0000000709500000| Untracked 
| 150|0x0000000709600000, 0x0000000709600000, 0x0000000709700000|  0%| F|  |TAMS 0x0000000709600000, 0x0000000709600000| Untracked 
| 151|0x0000000709700000, 0x0000000709700000, 0x0000000709800000|  0%| F|  |TAMS 0x0000000709700000, 0x0000000709700000| Untracked 
| 152|0x0000000709800000, 0x0000000709800000, 0x0000000709900000|  0%| F|  |TAMS 0x0000000709800000, 0x0000000709800000| Untracked 
| 153|0x0000000709900000, 0x0000000709900000, 0x0000000709a00000|  0%| F|  |TAMS 0x0000000709900000, 0x0000000709900000| Untracked 
| 154|0x0000000709a00000, 0x0000000709a00000, 0x0000000709b00000|  0%| F|  |TAMS 0x0000000709a00000, 0x0000000709a00000| Untracked 
| 155|0x0000000709b00000, 0x0000000709b00000, 0x0000000709c00000|  0%| F|  |TAMS 0x0000000709b00000, 0x0000000709b00000| Untracked 
| 156|0x0000000709c00000, 0x0000000709c00000, 0x0000000709d00000|  0%| F|  |TAMS 0x0000000709c00000, 0x0000000709c00000| Untracked 
| 157|0x0000000709d00000, 0x0000000709d00000, 0x0000000709e00000|  0%| F|  |TAMS 0x0000000709d00000, 0x0000000709d00000| Untracked 
| 158|0x0000000709e00000, 0x0000000709e00000, 0x0000000709f00000|  0%| F|  |TAMS 0x0000000709e00000, 0x0000000709e00000| Untracked 
| 159|0x0000000709f00000, 0x0000000709f00000, 0x000000070a000000|  0%| F|  |TAMS 0x0000000709f00000, 0x0000000709f00000| Untracked 
| 160|0x000000070a000000, 0x000000070a000000, 0x000000070a100000|  0%| F|  |TAMS 0x000000070a000000, 0x000000070a000000| Untracked 
| 161|0x000000070a100000, 0x000000070a100000, 0x000000070a200000|  0%| F|  |TAMS 0x000000070a100000, 0x000000070a100000| Untracked 
| 162|0x000000070a200000, 0x000000070a200000, 0x000000070a300000|  0%| F|  |TAMS 0x000000070a200000, 0x000000070a200000| Untracked 
| 163|0x000000070a300000, 0x000000070a300000, 0x000000070a400000|  0%| F|  |TAMS 0x000000070a300000, 0x000000070a300000| Untracked 
| 164|0x000000070a400000, 0x000000070a400000, 0x000000070a500000|  0%| F|  |TAMS 0x000000070a400000, 0x000000070a400000| Untracked 
| 165|0x000000070a500000, 0x000000070a500000, 0x000000070a600000|  0%| F|  |TAMS 0x000000070a500000, 0x000000070a500000| Untracked 
| 166|0x000000070a600000, 0x000000070a600000, 0x000000070a700000|  0%| F|  |TAMS 0x000000070a600000, 0x000000070a600000| Untracked 
| 167|0x000000070a700000, 0x000000070a700000, 0x000000070a800000|  0%| F|  |TAMS 0x000000070a700000, 0x000000070a700000| Untracked 
| 168|0x000000070a800000, 0x000000070a800000, 0x000000070a900000|  0%| F|  |TAMS 0x000000070a800000, 0x000000070a800000| Untracked 
| 169|0x000000070a900000, 0x000000070a900000, 0x000000070aa00000|  0%| F|  |TAMS 0x000000070a900000, 0x000000070a900000| Untracked 
| 170|0x000000070aa00000, 0x000000070aa00000, 0x000000070ab00000|  0%| F|  |TAMS 0x000000070aa00000, 0x000000070aa00000| Untracked 
| 171|0x000000070ab00000, 0x000000070ab00000, 0x000000070ac00000|  0%| F|  |TAMS 0x000000070ab00000, 0x000000070ab00000| Untracked 
| 172|0x000000070ac00000, 0x000000070ac00000, 0x000000070ad00000|  0%| F|  |TAMS 0x000000070ac00000, 0x000000070ac00000| Untracked 
| 173|0x000000070ad00000, 0x000000070ad00000, 0x000000070ae00000|  0%| F|  |TAMS 0x000000070ad00000, 0x000000070ad00000| Untracked 
| 174|0x000000070ae00000, 0x000000070ae00000, 0x000000070af00000|  0%| F|  |TAMS 0x000000070ae00000, 0x000000070ae00000| Untracked 
| 175|0x000000070af00000, 0x000000070af00000, 0x000000070b000000|  0%| F|  |TAMS 0x000000070af00000, 0x000000070af00000| Untracked 
| 176|0x000000070b000000, 0x000000070b000000, 0x000000070b100000|  0%| F|  |TAMS 0x000000070b000000, 0x000000070b000000| Untracked 
| 177|0x000000070b100000, 0x000000070b100000, 0x000000070b200000|  0%| F|  |TAMS 0x000000070b100000, 0x000000070b100000| Untracked 
| 178|0x000000070b200000, 0x000000070b200000, 0x000000070b300000|  0%| F|  |TAMS 0x000000070b200000, 0x000000070b200000| Untracked 
| 179|0x000000070b300000, 0x000000070b300000, 0x000000070b400000|  0%| F|  |TAMS 0x000000070b300000, 0x000000070b300000| Untracked 
| 180|0x000000070b400000, 0x000000070b400000, 0x000000070b500000|  0%| F|  |TAMS 0x000000070b400000, 0x000000070b400000| Untracked 
| 181|0x000000070b500000, 0x000000070b500000, 0x000000070b600000|  0%| F|  |TAMS 0x000000070b500000, 0x000000070b500000| Untracked 
| 182|0x000000070b600000, 0x000000070b600000, 0x000000070b700000|  0%| F|  |TAMS 0x000000070b600000, 0x000000070b600000| Untracked 
| 183|0x000000070b700000, 0x000000070b700000, 0x000000070b800000|  0%| F|  |TAMS 0x000000070b700000, 0x000000070b700000| Untracked 
| 184|0x000000070b800000, 0x000000070b800000, 0x000000070b900000|  0%| F|  |TAMS 0x000000070b800000, 0x000000070b800000| Untracked 
| 185|0x000000070b900000, 0x000000070b900000, 0x000000070ba00000|  0%| F|  |TAMS 0x000000070b900000, 0x000000070b900000| Untracked 
| 186|0x000000070ba00000, 0x000000070ba00000, 0x000000070bb00000|  0%| F|  |TAMS 0x000000070ba00000, 0x000000070ba00000| Untracked 
| 187|0x000000070bb00000, 0x000000070bb00000, 0x000000070bc00000|  0%| F|  |TAMS 0x000000070bb00000, 0x000000070bb00000| Untracked 
| 188|0x000000070bc00000, 0x000000070bc00000, 0x000000070bd00000|  0%| F|  |TAMS 0x000000070bc00000, 0x000000070bc00000| Untracked 
| 189|0x000000070bd00000, 0x000000070bd00000, 0x000000070be00000|  0%| F|  |TAMS 0x000000070bd00000, 0x000000070bd00000| Untracked 
| 190|0x000000070be00000, 0x000000070be00000, 0x000000070bf00000|  0%| F|  |TAMS 0x000000070be00000, 0x000000070be00000| Untracked 
| 191|0x000000070bf00000, 0x000000070bf00000, 0x000000070c000000|  0%| F|  |TAMS 0x000000070bf00000, 0x000000070bf00000| Untracked 
| 192|0x000000070c000000, 0x000000070c000000, 0x000000070c100000|  0%| F|  |TAMS 0x000000070c000000, 0x000000070c000000| Untracked 
| 193|0x000000070c100000, 0x000000070c100000, 0x000000070c200000|  0%| F|  |TAMS 0x000000070c100000, 0x000000070c100000| Untracked 
| 194|0x000000070c200000, 0x000000070c200000, 0x000000070c300000|  0%| F|  |TAMS 0x000000070c200000, 0x000000070c200000| Untracked 
| 195|0x000000070c300000, 0x000000070c300000, 0x000000070c400000|  0%| F|  |TAMS 0x000000070c300000, 0x000000070c300000| Untracked 
| 196|0x000000070c400000, 0x000000070c400000, 0x000000070c500000|  0%| F|  |TAMS 0x000000070c400000, 0x000000070c400000| Untracked 
| 197|0x000000070c500000, 0x000000070c500000, 0x000000070c600000|  0%| F|  |TAMS 0x000000070c500000, 0x000000070c500000| Untracked 
| 198|0x000000070c600000, 0x000000070c600000, 0x000000070c700000|  0%| F|  |TAMS 0x000000070c600000, 0x000000070c600000| Untracked 
| 199|0x000000070c700000, 0x000000070c700000, 0x000000070c800000|  0%| F|  |TAMS 0x000000070c700000, 0x000000070c700000| Untracked 
| 200|0x000000070c800000, 0x000000070c800000, 0x000000070c900000|  0%| F|  |TAMS 0x000000070c800000, 0x000000070c800000| Untracked 
| 201|0x000000070c900000, 0x000000070c900000, 0x000000070ca00000|  0%| F|  |TAMS 0x000000070c900000, 0x000000070c900000| Untracked 
| 202|0x000000070ca00000, 0x000000070ca00000, 0x000000070cb00000|  0%| F|  |TAMS 0x000000070ca00000, 0x000000070ca00000| Untracked 
| 203|0x000000070cb00000, 0x000000070cb00000, 0x000000070cc00000|  0%| F|  |TAMS 0x000000070cb00000, 0x000000070cb00000| Untracked 
| 204|0x000000070cc00000, 0x000000070cc00000, 0x000000070cd00000|  0%| F|  |TAMS 0x000000070cc00000, 0x000000070cc00000| Untracked 
| 205|0x000000070cd00000, 0x000000070cd00000, 0x000000070ce00000|  0%| F|  |TAMS 0x000000070cd00000, 0x000000070cd00000| Untracked 
| 206|0x000000070ce00000, 0x000000070ce00000, 0x000000070cf00000|  0%| F|  |TAMS 0x000000070ce00000, 0x000000070ce00000| Untracked 
| 207|0x000000070cf00000, 0x000000070cf00000, 0x000000070d000000|  0%| F|  |TAMS 0x000000070cf00000, 0x000000070cf00000| Untracked 
| 208|0x000000070d000000, 0x000000070d000000, 0x000000070d100000|  0%| F|  |TAMS 0x000000070d000000, 0x000000070d000000| Untracked 
| 209|0x000000070d100000, 0x000000070d100000, 0x000000070d200000|  0%| F|  |TAMS 0x000000070d100000, 0x000000070d100000| Untracked 
| 210|0x000000070d200000, 0x000000070d200000, 0x000000070d300000|  0%| F|  |TAMS 0x000000070d200000, 0x000000070d200000| Untracked 
| 211|0x000000070d300000, 0x000000070d300000, 0x000000070d400000|  0%| F|  |TAMS 0x000000070d300000, 0x000000070d300000| Untracked 
| 212|0x000000070d400000, 0x000000070d400000, 0x000000070d500000|  0%| F|  |TAMS 0x000000070d400000, 0x000000070d400000| Untracked 
| 213|0x000000070d500000, 0x000000070d500000, 0x000000070d600000|  0%| F|  |TAMS 0x000000070d500000, 0x000000070d500000| Untracked 
| 214|0x000000070d600000, 0x000000070d600000, 0x000000070d700000|  0%| F|  |TAMS 0x000000070d600000, 0x000000070d600000| Untracked 
| 215|0x000000070d700000, 0x000000070d700000, 0x000000070d800000|  0%| F|  |TAMS 0x000000070d700000, 0x000000070d700000| Untracked 
| 216|0x000000070d800000, 0x000000070d800000, 0x000000070d900000|  0%| F|  |TAMS 0x000000070d800000, 0x000000070d800000| Untracked 
| 217|0x000000070d900000, 0x000000070d900000, 0x000000070da00000|  0%| F|  |TAMS 0x000000070d900000, 0x000000070d900000| Untracked 
| 218|0x000000070da00000, 0x000000070da00000, 0x000000070db00000|  0%| F|  |TAMS 0x000000070da00000, 0x000000070da00000| Untracked 
| 219|0x000000070db00000, 0x000000070db00000, 0x000000070dc00000|  0%| F|  |TAMS 0x000000070db00000, 0x000000070db00000| Untracked 
| 220|0x000000070dc00000, 0x000000070dc00000, 0x000000070dd00000|  0%| F|  |TAMS 0x000000070dc00000, 0x000000070dc00000| Untracked 
| 221|0x000000070dd00000, 0x000000070dd00000, 0x000000070de00000|  0%| F|  |TAMS 0x000000070dd00000, 0x000000070dd00000| Untracked 
| 222|0x000000070de00000, 0x000000070de00000, 0x000000070df00000|  0%| F|  |TAMS 0x000000070de00000, 0x000000070de00000| Untracked 
| 223|0x000000070df00000, 0x000000070df00000, 0x000000070e000000|  0%| F|  |TAMS 0x000000070df00000, 0x000000070df00000| Untracked 
| 224|0x000000070e000000, 0x000000070e000000, 0x000000070e100000|  0%| F|  |TAMS 0x000000070e000000, 0x000000070e000000| Untracked 
| 225|0x000000070e100000, 0x000000070e100000, 0x000000070e200000|  0%| F|  |TAMS 0x000000070e100000, 0x000000070e100000| Untracked 
| 226|0x000000070e200000, 0x000000070e200000, 0x000000070e300000|  0%| F|  |TAMS 0x000000070e200000, 0x000000070e200000| Untracked 
| 227|0x000000070e300000, 0x000000070e300000, 0x000000070e400000|  0%| F|  |TAMS 0x000000070e300000, 0x000000070e300000| Untracked 
| 228|0x000000070e400000, 0x000000070e400000, 0x000000070e500000|  0%| F|  |TAMS 0x000000070e400000, 0x000000070e400000| Untracked 
| 229|0x000000070e500000, 0x000000070e500000, 0x000000070e600000|  0%| F|  |TAMS 0x000000070e500000, 0x000000070e500000| Untracked 
| 230|0x000000070e600000, 0x000000070e600000, 0x000000070e700000|  0%| F|  |TAMS 0x000000070e600000, 0x000000070e600000| Untracked 
| 231|0x000000070e700000, 0x000000070e700000, 0x000000070e800000|  0%| F|  |TAMS 0x000000070e700000, 0x000000070e700000| Untracked 
| 232|0x000000070e800000, 0x000000070e800000, 0x000000070e900000|  0%| F|  |TAMS 0x000000070e800000, 0x000000070e800000| Untracked 
| 233|0x000000070e900000, 0x000000070e900000, 0x000000070ea00000|  0%| F|  |TAMS 0x000000070e900000, 0x000000070e900000| Untracked 
| 234|0x000000070ea00000, 0x000000070ea00000, 0x000000070eb00000|  0%| F|  |TAMS 0x000000070ea00000, 0x000000070ea00000| Untracked 
| 235|0x000000070eb00000, 0x000000070eb00000, 0x000000070ec00000|  0%| F|  |TAMS 0x000000070eb00000, 0x000000070eb00000| Untracked 
| 236|0x000000070ec00000, 0x000000070ec00000, 0x000000070ed00000|  0%| F|  |TAMS 0x000000070ec00000, 0x000000070ec00000| Untracked 
| 237|0x000000070ed00000, 0x000000070ed00000, 0x000000070ee00000|  0%| F|  |TAMS 0x000000070ed00000, 0x000000070ed00000| Untracked 
| 238|0x000000070ee00000, 0x000000070ee00000, 0x000000070ef00000|  0%| F|  |TAMS 0x000000070ee00000, 0x000000070ee00000| Untracked 
| 239|0x000000070ef00000, 0x000000070ef00000, 0x000000070f000000|  0%| F|  |TAMS 0x000000070ef00000, 0x000000070ef00000| Untracked 
| 240|0x000000070f000000, 0x000000070f000000, 0x000000070f100000|  0%| F|  |TAMS 0x000000070f000000, 0x000000070f000000| Untracked 
| 241|0x000000070f100000, 0x000000070f100000, 0x000000070f200000|  0%| F|  |TAMS 0x000000070f100000, 0x000000070f100000| Untracked 
| 242|0x000000070f200000, 0x000000070f200000, 0x000000070f300000|  0%| F|  |TAMS 0x000000070f200000, 0x000000070f200000| Untracked 
| 243|0x000000070f300000, 0x000000070f300000, 0x000000070f400000|  0%| F|  |TAMS 0x000000070f300000, 0x000000070f300000| Untracked 
| 244|0x000000070f400000, 0x000000070f400000, 0x000000070f500000|  0%| F|  |TAMS 0x000000070f400000, 0x000000070f400000| Untracked 
| 245|0x000000070f500000, 0x000000070f500000, 0x000000070f600000|  0%| F|  |TAMS 0x000000070f500000, 0x000000070f500000| Untracked 
| 246|0x000000070f600000, 0x000000070f600000, 0x000000070f700000|  0%| F|  |TAMS 0x000000070f600000, 0x000000070f600000| Untracked 
| 247|0x000000070f700000, 0x000000070f700000, 0x000000070f800000|  0%| F|  |TAMS 0x000000070f700000, 0x000000070f700000| Untracked 
| 248|0x000000070f800000, 0x000000070f800000, 0x000000070f900000|  0%| F|  |TAMS 0x000000070f800000, 0x000000070f800000| Untracked 
| 249|0x000000070f900000, 0x000000070f900000, 0x000000070fa00000|  0%| F|  |TAMS 0x000000070f900000, 0x000000070f900000| Untracked 
| 250|0x000000070fa00000, 0x000000070fa00000, 0x000000070fb00000|  0%| F|  |TAMS 0x000000070fa00000, 0x000000070fa00000| Untracked 
| 251|0x000000070fb00000, 0x000000070fb7b680, 0x000000070fc00000| 48%| E|  |TAMS 0x000000070fb00000, 0x000000070fb00000| Complete 
| 252|0x000000070fc00000, 0x000000070fd00000, 0x000000070fd00000|100%| E|CS|TAMS 0x000000070fc00000, 0x000000070fc00000| Complete 
| 253|0x000000070fd00000, 0x000000070fe00000, 0x000000070fe00000|100%| E|CS|TAMS 0x000000070fd00000, 0x000000070fd00000| Complete 
| 254|0x000000070fe00000, 0x000000070ff00000, 0x000000070ff00000|100%| E|CS|TAMS 0x000000070fe00000, 0x000000070fe00000| Complete 
| 255|0x000000070ff00000, 0x0000000710000000, 0x0000000710000000|100%| E|CS|TAMS 0x000000070ff00000, 0x000000070ff00000| Complete 

Card table byte_map: [0x00000001224b6000,0x0000000122cb6000] _byte_map_base: 0x000000011ecb6000

Marking Bits (Prev, Next): (CMBitMap*) 0x00007f94bb857a18, (CMBitMap*) 0x00007f94bb857a50
 Prev Bits: [0x00000001234b6000, 0x00000001274b6000)
 Next Bits: [0x00000001274b6000, 0x000000012b4b6000)

Polling page: 0x0000000100c6e000

Metaspace:

Usage:
  Non-class:      5.93 MB capacity,     5.82 MB ( 98%) used,   109.69 KB (  2%) free+waste,     3.88 KB ( <1%) overhead. 
      Class:    605.00 KB capacity,   574.07 KB ( 95%) used,    29.12 KB (  5%) free+waste,     1.81 KB ( <1%) overhead. 
       Both:      6.52 MB capacity,     6.38 MB ( 98%) used,   138.80 KB (  2%) free+waste,     5.69 KB ( <1%) overhead. 

Virtual space:
  Non-class space:        8.00 MB reserved,       6.00 MB ( 75%) committed 
      Class space:        1.00 GB reserved,     640.00 KB ( <1%) committed 
             Both:        1.01 GB reserved,       6.62 MB ( <1%) committed 

Chunk freelists:
   Non-Class:  45.00 KB
       Class:  3.00 KB
        Both:  48.00 KB

MaxMetaspaceSize: unlimited
CompressedClassSpaceSize: 1.00 GB

CodeHeap 'non-profiled nmethods': size=120032Kb used=85Kb max_used=85Kb free=119946Kb
 bounds [0x000000011a597000, 0x000000011a807000, 0x0000000121acf000]
CodeHeap 'profiled nmethods': size=120028Kb used=361Kb max_used=361Kb free=119667Kb
 bounds [0x0000000113060000, 0x00000001132d0000, 0x000000011a597000]
CodeHeap 'non-nmethods': size=5700Kb used=1032Kb max_used=1041Kb free=4667Kb
 bounds [0x0000000112acf000, 0x0000000112d3f000, 0x0000000113060000]
 total_blobs=639 nmethods=303 adapters=250
 compilation: enabled
              stopped_count=0, restarted_count=0
 full_count=0

Compilation events (20 events):
Event: 0.290 Thread 0x00007f94bc044000 nmethod 289 0x00000001130b1d90 code [0x00000001130b1fe0, 0x00000001130b2730]
Event: 0.292 Thread 0x00007f94bc044000  290       3       java.lang.String::regionMatches (150 bytes)
Event: 0.293 Thread 0x00007f94bc044000 nmethod 290 0x00000001130b2a10 code [0x00000001130b2c80, 0x00000001130b3620]
Event: 0.294 Thread 0x00007f94bc044000  292       3       java.lang.invoke.MethodType$ConcurrentWeakInternSet::expungeStaleElements (27 bytes)
Event: 0.295 Thread 0x00007f94bc044000 nmethod 292 0x00000001130b3990 code [0x00000001130b3b80, 0x00000001130b4130]
Event: 0.295 Thread 0x00007f94bc044000  293       1       jdk.internal.loader.URLClassPath$Loader::getBaseURL (5 bytes)
Event: 0.295 Thread 0x00007f94bc044000 nmethod 293 0x000000011a5ac010 code [0x000000011a5ac1c0, 0x000000011a5ac270]
Event: 0.297 Thread 0x00007f94bc044000  294       3       java.io.File::getName (42 bytes)
Event: 0.297 Thread 0x00007f94bc044000 nmethod 294 0x00000001130b4310 code [0x00000001130b4540, 0x00000001130b4a70]
Event: 0.297 Thread 0x00007f94bc044000  295       3       java.lang.StringCoding::encodeUTF8 (132 bytes)
Event: 0.298 Thread 0x00007f94bc044000 nmethod 295 0x00000001130b4c90 code [0x00000001130b4ee0, 0x00000001130b5900]
Event: 0.298 Thread 0x00007f94bc044000  296       3       java.util.zip.ZipCoder$UTF8::getBytes (10 bytes)
Event: 0.298 Thread 0x00007f94bc044000 nmethod 296 0x00000001130b5c10 code [0x00000001130b5de0, 0x00000001130b6080]
Event: 0.299 Thread 0x00007f94bc044000  297       3       sun.net.util.IPAddressUtil::checkHostString (53 bytes)
Event: 0.300 Thread 0x00007f94bc044000 nmethod 297 0x00000001130b6210 code [0x00000001130b64e0, 0x00000001130b71e0]
Event: 0.300 Thread 0x00007f94bc044000  298       3       sun.net.util.IPAddressUtil::scan (92 bytes)
Event: 0.301 Thread 0x00007f94bc044000 nmethod 298 0x00000001130b7690 code [0x00000001130b7900, 0x00000001130b8410]
Event: 0.301 Thread 0x00007f94bc044000  299       3       java.nio.ByteBuffer::arrayOffset (35 bytes)
Event: 0.301 Thread 0x00007f94bc044000 nmethod 299 0x00000001130b8990 code [0x00000001130b8b60, 0x00000001130b8e30]
Event: 0.301 Thread 0x00007f94bc044000  300       3       java.nio.CharBuffer::arrayOffset (35 bytes)

GC Heap History (0 events):
No events

Deoptimization events (20 events):
Event: 0.230 Thread 0x00007f94bb826000 DEOPT PACKING pc=0x000000011a5a72b8 sp=0x0000000305df3da0
Event: 0.230 Thread 0x00007f94bb826000 DEOPT UNPACKING pc=0x0000000112af4b9f sp=0x0000000305df3d68 mode 2
Event: 0.235 Thread 0x00007f94bb826000 Uncommon trap: trap_request=0xffffffde fr.pc=0x000000011a5a3cac relative=0x0000000000000b2c
Event: 0.235 Thread 0x00007f94bb826000 Uncommon trap: reason=class_check action=maybe_recompile pc=0x000000011a5a3cac method=java.util.HashMap.putVal(ILjava/lang/Object;Ljava/lang/Object;ZZ)Ljava/lang/Object; @ 152 c2
Event: 0.235 Thread 0x00007f94bb826000 DEOPT PACKING pc=0x000000011a5a3cac sp=0x0000000305df3e10
Event: 0.235 Thread 0x00007f94bb826000 DEOPT UNPACKING pc=0x0000000112af4b9f sp=0x0000000305df3d90 mode 2
Event: 0.247 Thread 0x00007f94bb826000 DEOPT PACKING pc=0x0000000113068b0d sp=0x0000000305df4050
Event: 0.247 Thread 0x00007f94bb826000 DEOPT UNPACKING pc=0x0000000112af49ab sp=0x0000000305df34f8 mode 0
Event: 0.279 Thread 0x00007f94bb826000 Uncommon trap: trap_request=0xffffffde fr.pc=0x000000011a5a3cac relative=0x0000000000000b2c
Event: 0.279 Thread 0x00007f94bb826000 Uncommon trap: reason=class_check action=maybe_recompile pc=0x000000011a5a3cac method=java.util.HashMap.putVal(ILjava/lang/Object;Ljava/lang/Object;ZZ)Ljava/lang/Object; @ 152 c2
Event: 0.279 Thread 0x00007f94bb826000 DEOPT PACKING pc=0x000000011a5a3cac sp=0x0000000305df6d30
Event: 0.279 Thread 0x00007f94bb826000 DEOPT UNPACKING pc=0x0000000112af4b9f sp=0x0000000305df6cb0 mode 2
Event: 0.290 Thread 0x00007f94bba45000 Uncommon trap: trap_request=0xffffffde fr.pc=0x000000011a5a3cac relative=0x0000000000000b2c
Event: 0.290 Thread 0x00007f94bba45000 Uncommon trap: reason=class_check action=maybe_recompile pc=0x000000011a5a3cac method=java.util.HashMap.putVal(ILjava/lang/Object;Ljava/lang/Object;ZZ)Ljava/lang/Object; @ 152 c2
Event: 0.290 Thread 0x00007f94bba45000 DEOPT PACKING pc=0x000000011a5a3cac sp=0x0000000306d2e170
Event: 0.290 Thread 0x00007f94bba45000 DEOPT UNPACKING pc=0x0000000112af4b9f sp=0x0000000306d2e0f0 mode 2
Event: 0.296 Thread 0x00007f94bb826000 Uncommon trap: trap_request=0xffffffde fr.pc=0x000000011a5a3cac relative=0x0000000000000b2c
Event: 0.296 Thread 0x00007f94bb826000 Uncommon trap: reason=class_check action=maybe_recompile pc=0x000000011a5a3cac method=java.util.HashMap.putVal(ILjava/lang/Object;Ljava/lang/Object;ZZ)Ljava/lang/Object; @ 152 c2
Event: 0.296 Thread 0x00007f94bb826000 DEOPT PACKING pc=0x000000011a5a3cac sp=0x0000000305df6a30
Event: 0.296 Thread 0x00007f94bb826000 DEOPT UNPACKING pc=0x0000000112af4b9f sp=0x0000000305df69b0 mode 2

Classes redefined (0 events):
No events

Internal exceptions (20 events):
Event: 0.271 Thread 0x00007f94bb826000 Exception <a 'java/security/PrivilegedActionException'{0x000000070fc48d38}> (0x000000070fc48d38) thrown at [./src/hotspot/share/prims/jvm.cpp, line 1297]
Event: 0.271 Thread 0x00007f94bb826000 Exception <a 'java/security/PrivilegedActionException'{0x000000070fc49008}> (0x000000070fc49008) thrown at [./src/hotspot/share/prims/jvm.cpp, line 1297]
Event: 0.272 Thread 0x00007f94bb826000 Exception <a 'java/security/PrivilegedActionException'{0x000000070fc4c9d0}> (0x000000070fc4c9d0) thrown at [./src/hotspot/share/prims/jvm.cpp, line 1297]
Event: 0.272 Thread 0x00007f94bb826000 Exception <a 'java/security/PrivilegedActionException'{0x000000070fc4cca0}> (0x000000070fc4cca0) thrown at [./src/hotspot/share/prims/jvm.cpp, line 1297]
Event: 0.273 Thread 0x00007f94bb826000 Exception <a 'java/security/PrivilegedActionException'{0x000000070fc4f928}> (0x000000070fc4f928) thrown at [./src/hotspot/share/prims/jvm.cpp, line 1297]
Event: 0.273 Thread 0x00007f94bb826000 Exception <a 'java/security/PrivilegedActionException'{0x000000070fc4fbf8}> (0x000000070fc4fbf8) thrown at [./src/hotspot/share/prims/jvm.cpp, line 1297]
Event: 0.273 Thread 0x00007f94bb826000 Exception <a 'java/security/PrivilegedActionException'{0x000000070fc52778}> (0x000000070fc52778) thrown at [./src/hotspot/share/prims/jvm.cpp, line 1297]
Event: 0.273 Thread 0x00007f94bb826000 Exception <a 'java/security/PrivilegedActionException'{0x000000070fc52a48}> (0x000000070fc52a48) thrown at [./src/hotspot/share/prims/jvm.cpp, line 1297]
Event: 0.274 Thread 0x00007f94bb826000 Exception <a 'java/security/PrivilegedActionException'{0x000000070fc55480}> (0x000000070fc55480) thrown at [./src/hotspot/share/prims/jvm.cpp, line 1297]
Event: 0.274 Thread 0x00007f94bb826000 Exception <a 'java/security/PrivilegedActionException'{0x000000070fc55750}> (0x000000070fc55750) thrown at [./src/hotspot/share/prims/jvm.cpp, line 1297]
Event: 0.275 Thread 0x00007f94bb826000 Exception <a 'java/security/PrivilegedActionException'{0x000000070fc580f8}> (0x000000070fc580f8) thrown at [./src/hotspot/share/prims/jvm.cpp, line 1297]
Event: 0.275 Thread 0x00007f94bb826000 Exception <a 'java/security/PrivilegedActionException'{0x000000070fc583c8}> (0x000000070fc583c8) thrown at [./src/hotspot/share/prims/jvm.cpp, line 1297]
Event: 0.276 Thread 0x00007f94bb826000 Exception <a 'java/security/PrivilegedActionException'{0x000000070fc5ada8}> (0x000000070fc5ada8) thrown at [./src/hotspot/share/prims/jvm.cpp, line 1297]
Event: 0.276 Thread 0x00007f94bb826000 Exception <a 'java/security/PrivilegedActionException'{0x000000070fc5b078}> (0x000000070fc5b078) thrown at [./src/hotspot/share/prims/jvm.cpp, line 1297]
Event: 0.277 Thread 0x00007f94bb826000 Exception <a 'java/security/PrivilegedActionException'{0x000000070fc5db68}> (0x000000070fc5db68) thrown at [./src/hotspot/share/prims/jvm.cpp, line 1297]
Event: 0.277 Thread 0x00007f94bb826000 Exception <a 'java/security/PrivilegedActionException'{0x000000070fc5de38}> (0x000000070fc5de38) thrown at [./src/hotspot/share/prims/jvm.cpp, line 1297]
Event: 0.277 Thread 0x00007f94bb826000 Exception <a 'java/security/PrivilegedActionException'{0x000000070fc607e8}> (0x000000070fc607e8) thrown at [./src/hotspot/share/prims/jvm.cpp, line 1297]
Event: 0.277 Thread 0x00007f94bb826000 Exception <a 'java/security/PrivilegedActionException'{0x000000070fc60ab8}> (0x000000070fc60ab8) thrown at [./src/hotspot/share/prims/jvm.cpp, line 1297]
Event: 0.277 Thread 0x00007f94bb826000 Exception <a 'java/security/PrivilegedActionException'{0x000000070fc634c0}> (0x000000070fc634c0) thrown at [./src/hotspot/share/prims/jvm.cpp, line 1297]
Event: 0.277 Thread 0x00007f94bb826000 Exception <a 'java/security/PrivilegedActionException'{0x000000070fc63790}> (0x000000070fc63790) thrown at [./src/hotspot/share/prims/jvm.cpp, line 1297]

Events (20 events):
Event: 0.299 loading class java/net/Inet6Address
Event: 0.299 loading class java/net/Inet6Address done
Event: 0.299 loading class java/net/Inet6Address$Inet6AddressHolder
Event: 0.299 loading class java/net/Inet6Address$Inet6AddressHolder done
Event: 0.300 loading class sun/net/ext/ExtendedSocketOptions
Event: 0.300 loading class sun/net/ext/ExtendedSocketOptions done
Event: 0.300 loading class jdk/net/ExtendedSocketOptions
Event: 0.300 loading class com/example/myapplication/Kotlin/Calculator2
Event: 0.300 loading class com/example/myapplication/Kotlin/Calculator2 done
Event: 0.300 loading class jdk/net/ExtendedSocketOptions done
Event: 0.300 loading class jdk/net/ExtendedSocketOptions$ExtSocketOption
Event: 0.300 loading class jdk/net/ExtendedSocketOptions$ExtSocketOption done
Event: 0.300 loading class jdk/net/SocketFlow
Event: 0.300 loading class jdk/net/SocketFlow done
Event: 0.300 loading class jdk/net/ExtendedSocketOptions$PlatformSocketOptions
Event: 0.300 loading class jdk/net/ExtendedSocketOptions$PlatformSocketOptions done
Event: 0.300 loading class jdk/net/ExtendedSocketOptions$PlatformSocketOptions$1
Event: 0.300 loading class jdk/net/ExtendedSocketOptions$PlatformSocketOptions$1 done
Event: 0.300 loading class jdk/net/MacOSXSocketOptions
Event: 0.300 loading class jdk/net/MacOSXSocketOptions done


Dynamic libraries:
0x00007ffdffe71000 	/Library/Apple/usr/libexec/oah/runtime
0x00007fff3525f000 	/System/Library/Frameworks/Cocoa.framework/Versions/A/Cocoa
0x00007fff22104000 	/System/Library/Frameworks/Security.framework/Versions/A/Security
0x00007fff3345c000 	/System/Library/Frameworks/ApplicationServices.framework/Versions/A/ApplicationServices
0x00007fff2a5ad000 	/usr/lib/libz.1.dylib
0x0000000108f12000 	/Applications/Android Studio.app/Contents/jre/jdk/Contents/Home/lib/jli/libjli.dylib
0x00007fff2a679000 	/usr/lib/libSystem.B.dylib
0x00007fff22b2b000 	/System/Library/Frameworks/AppKit.framework/Versions/C/AppKit
0x00007fff259e9000 	/System/Library/Frameworks/CoreData.framework/Versions/A/CoreData
0x00007fff21077000 	/System/Library/Frameworks/Foundation.framework/Versions/C/Foundation
0x00007fff2388e000 	/System/Library/PrivateFrameworks/UIFoundation.framework/Versions/A/UIFoundation
0x00007fff2fe3b000 	/System/Library/PrivateFrameworks/RemoteViewServices.framework/Versions/A/RemoteViewServices
0x00007fff28bc5000 	/System/Library/PrivateFrameworks/XCTTargetBootstrap.framework/Versions/A/XCTTargetBootstrap
0x00007fff2b917000 	/usr/lib/libspindump.dylib
0x00007fff23ae3000 	/System/Library/Frameworks/UniformTypeIdentifiers.framework/Versions/A/UniformTypeIdentifiers
0x00007fff2739b000 	/usr/lib/libapp_launch_measurement.dylib
0x00007fff2739e000 	/System/Library/PrivateFrameworks/CoreAutoLayout.framework/Versions/A/CoreAutoLayout
0x00007fff28527000 	/System/Library/Frameworks/Metal.framework/Versions/A/Metal
0x00007fff2921e000 	/usr/lib/liblangid.dylib
0x00007fff28bc9000 	/System/Library/PrivateFrameworks/CoreSVG.framework/Versions/A/CoreSVG
0x00007fff24aca000 	/System/Library/PrivateFrameworks/SkyLight.framework/Versions/A/SkyLight
0x00007fff24e31000 	/System/Library/Frameworks/CoreGraphics.framework/Versions/A/CoreGraphics
0x00007fff30492000 	/System/Library/Frameworks/Accelerate.framework/Versions/A/Accelerate
0x00007fff2b352000 	/System/Library/PrivateFrameworks/IconServices.framework/Versions/A/IconServices
0x00007fff2850c000 	/System/Library/Frameworks/IOSurface.framework/Versions/A/IOSurface
0x00007fff2637b000 	/usr/lib/libDiagnosticMessagesClient.dylib
0x00007fff28bb1000 	/System/Library/PrivateFrameworks/DFRFoundation.framework/Versions/A/DFRFoundation
0x00007fff22456000 	/usr/lib/libicucore.A.dylib
0x00007fff2ce5c000 	/System/Library/Frameworks/AudioToolbox.framework/Versions/A/AudioToolbox
0x00007fff2c101000 	/System/Library/PrivateFrameworks/DataDetectorsCore.framework/Versions/A/DataDetectorsCore
0x00007fff288b1000 	/System/Library/Frameworks/Carbon.framework/Versions/A/Frameworks/HIToolbox.framework/Versions/A/HIToolbox
0x00007fff26df6000 	/System/Library/Frameworks/QuartzCore.framework/Versions/A/QuartzCore
0x00007fff2fe77000 	/System/Library/Frameworks/Carbon.framework/Versions/A/Frameworks/SpeechRecognition.framework/Versions/A/SpeechRecognition
0x00007fff27103000 	/System/Library/PrivateFrameworks/CoreUI.framework/Versions/A/CoreUI
0x00007fff21a5f000 	/System/Library/Frameworks/CoreAudio.framework/Versions/A/CoreAudio
0x00007fff26466000 	/System/Library/Frameworks/DiskArbitration.framework/Versions/A/DiskArbitration
0x00007fff2bd11000 	/System/Library/PrivateFrameworks/MultitouchSupport.framework/Versions/A/MultitouchSupport
0x00007fff2c0f8000 	/System/Library/PrivateFrameworks/InternationalSupport.framework/Versions/A/InternationalSupport
0x00007fff24a3e000 	/usr/lib/libenergytrace.dylib
0x00007fff22a24000 	/System/Library/Frameworks/IOKit.framework/Versions/A/IOKit
0x00007fff301c4000 	/System/Library/Frameworks/CoreServices.framework/Versions/A/CoreServices
0x00007fff27331000 	/System/Library/PrivateFrameworks/PerformanceAnalysis.framework/Versions/A/PerformanceAnalysis
0x00007fff6cb39000 	/System/Library/Frameworks/OpenGL.framework/Versions/A/OpenGL
0x00007fff2c17d000 	/System/Library/PrivateFrameworks/UserActivity.framework/Versions/A/UserActivity
0x00007fff201b4000 	/usr/lib/libobjc.A.dylib
0x00007fff254eb000 	/System/Library/Frameworks/ColorSync.framework/Versions/A/ColorSync
0x00007fff20395000 	/System/Library/Frameworks/CoreFoundation.framework/Versions/A/CoreFoundation
0x00007fff28e35000 	/System/Library/Frameworks/CoreImage.framework/Versions/A/CoreImage
0x00007fff21876000 	/System/Library/Frameworks/CoreText.framework/Versions/A/CoreText
0x00007fff28bf3000 	/System/Library/Frameworks/ImageIO.framework/Versions/A/ImageIO
0x00007fff2a67f000 	/System/Library/PrivateFrameworks/SoftLinking.framework/Versions/A/SoftLinking
0x00007fff273e7000 	/usr/lib/libxml2.2.dylib
0x00007fff2027a000 	/usr/lib/libc++.1.dylib
0x00007fff2a8f1000 	/usr/lib/libcompression.dylib
0x00007fff24a3f000 	/usr/lib/libMobileGestalt.dylib
0x00007fff2c02b000 	/System/Library/PrivateFrameworks/TextureIO.framework/Versions/A/TextureIO
0x00007fff2afdf000 	/usr/lib/libate.dylib
0x00007fff2a673000 	/usr/lib/system/libcache.dylib
0x00007fff2a62f000 	/usr/lib/system/libcommonCrypto.dylib
0x00007fff2a659000 	/usr/lib/system/libcompiler_rt.dylib
0x00007fff2a64e000 	/usr/lib/system/libcopyfile.dylib
0x00007fff200a2000 	/usr/lib/system/libcorecrypto.dylib
0x00007fff2016f000 	/usr/lib/system/libdispatch.dylib
0x00007fff20324000 	/usr/lib/system/libdyld.dylib
0x00007fff2a66a000 	/usr/lib/system/libkeymgr.dylib
0x00007fff2dc0e000 	/usr/lib/system/liblaunch.dylib
0x00007fff2a60d000 	/usr/lib/system/libmacho.dylib
0x00007fff29e22000 	/usr/lib/system/libquarantine.dylib
0x00007fff2a667000 	/usr/lib/system/libremovefile.dylib
0x00007fff24a9b000 	/usr/lib/system/libsystem_asl.dylib
0x00007fff20052000 	/usr/lib/system/libsystem_blocks.dylib
0x00007fff201f1000 	/usr/lib/system/libsystem_c.dylib
0x00007fff2a661000 	/usr/lib/system/libsystem_collections.dylib
0x00007fff2920f000 	/usr/lib/system/libsystem_configuration.dylib
0x00007fff284fb000 	/usr/lib/system/libsystem_containermanager.dylib
0x00007fff2a3a5000 	/usr/lib/system/libsystem_coreservices.dylib
0x00007fff226b8000 	/usr/lib/system/libsystem_darwin.dylib
0x00007fff2a66b000 	/usr/lib/system/libsystem_dnssd.dylib
0x00007fff201ee000 	/usr/lib/system/libsystem_featureflags.dylib
0x00007fff20369000 	/usr/lib/system/libsystem_info.dylib
0x00007fff2a5c0000 	/usr/lib/system/libsystem_m.dylib
0x00007fff20142000 	/usr/lib/system/libsystem_malloc.dylib
0x00007fff24a2f000 	/usr/lib/system/libsystem_networkextension.dylib
0x00007fff22ad3000 	/usr/lib/system/libsystem_notify.dylib
0x00007fff300c2000 	/usr/lib/system/libsystem_product_info_filter.dylib
0x00007fff29213000 	/usr/lib/system/libsystem_sandbox.dylib
0x00007fff2a664000 	/usr/lib/system/libsystem_secinit.dylib
0x00007fff202e9000 	/usr/lib/system/libsystem_kernel.dylib
0x00007fff2035f000 	/usr/lib/system/libsystem_platform.dylib
0x00007fff20318000 	/usr/lib/system/libsystem_pthread.dylib
0x00007fff261c9000 	/usr/lib/system/libsystem_symptoms.dylib
0x00007fff2008a000 	/usr/lib/system/libsystem_trace.dylib
0x00007fff2a63b000 	/usr/lib/system/libunwind.dylib
0x00007fff20054000 	/usr/lib/system/libxpc.dylib
0x00007fff202d0000 	/usr/lib/libc++abi.dylib
0x00007fff2a646000 	/usr/lib/liboah.dylib
0x00007fff2ad0a000 	/usr/lib/liblzma.5.dylib
0x00007fff20d8b000 	/System/Library/Frameworks/SystemConfiguration.framework/Versions/A/SystemConfiguration
0x00007fff2a67b000 	/usr/lib/libfakelink.dylib
0x00007fff24591000 	/System/Library/Frameworks/CFNetwork.framework/Versions/A/CFNetwork
0x00007fff2a7bb000 	/usr/lib/libarchive.2.dylib
0x00007fff20e09000 	/usr/lib/libCRFSuite.dylib
0x00007fff29e49000 	/usr/lib/libbsm.0.dylib
0x00007fff23f4d000 	/usr/lib/libnetwork.dylib
0x00007fff2a680000 	/usr/lib/libpcap.A.dylib
0x00007fff261c2000 	/usr/lib/libdns_services.dylib
0x00007fff2ad23000 	/usr/lib/libcoretls_cfhelpers.dylib
0x00007fff2a8bf000 	/usr/lib/libapple_nghttp2.dylib
0x00007fff2a613000 	/usr/lib/system/libkxld.dylib
0x00007fff25e30000 	/usr/lib/libsqlite3.dylib
0x00007fff2a387000 	/System/Library/PrivateFrameworks/AppleFSCompression.framework/Versions/A/AppleFSCompression
0x00007fff29e31000 	/usr/lib/libcoretls.dylib
0x00007fff2a8ec000 	/usr/lib/libpam.2.dylib
0x00007fff2ae20000 	/usr/lib/libxar.1.dylib
0x00007fff2921a000 	/System/Library/PrivateFrameworks/AppleSystemInfo.framework/Versions/A/AppleSystemInfo
0x00007fff29a74000 	/System/Library/PrivateFrameworks/IOMobileFramebuffer.framework/Versions/A/IOMobileFramebuffer
0x00007fff2a397000 	/usr/lib/libbz2.1.0.dylib
0x00007fff2a6b8000 	/usr/lib/libiconv.2.dylib
0x00007fff2a60c000 	/usr/lib/libcharset.1.dylib
0x00007fff2736d000 	/System/Library/Frameworks/CoreServices.framework/Versions/A/Frameworks/FSEvents.framework/Versions/A/FSEvents
0x00007fff226c2000 	/System/Library/Frameworks/CoreServices.framework/Versions/A/Frameworks/CarbonCore.framework/Versions/A/CarbonCore
0x00007fff263cb000 	/System/Library/Frameworks/CoreServices.framework/Versions/A/Frameworks/Metadata.framework/Versions/A/Metadata
0x00007fff2a3aa000 	/System/Library/Frameworks/CoreServices.framework/Versions/A/Frameworks/OSServices.framework/Versions/A/OSServices
0x00007fff2a82d000 	/System/Library/Frameworks/CoreServices.framework/Versions/A/Frameworks/SearchKit.framework/Versions/A/SearchKit
0x00007fff2614c000 	/System/Library/Frameworks/CoreServices.framework/Versions/A/Frameworks/AE.framework/Versions/A/AE
0x00007fff20831000 	/System/Library/Frameworks/CoreServices.framework/Versions/A/Frameworks/LaunchServices.framework/Versions/A/LaunchServices
0x00007fff2acbb000 	/System/Library/Frameworks/CoreServices.framework/Versions/A/Frameworks/DictionaryServices.framework/Versions/A/DictionaryServices
0x00007fff27376000 	/System/Library/Frameworks/CoreServices.framework/Versions/A/Frameworks/SharedFileList.framework/Versions/A/SharedFileList
0x00007fff29e25000 	/usr/lib/libCheckFix.dylib
0x00007fff24ab2000 	/System/Library/PrivateFrameworks/TCC.framework/Versions/A/TCC
0x00007fff29220000 	/System/Library/PrivateFrameworks/CoreNLP.framework/Versions/A/CoreNLP
0x00007fff2637e000 	/System/Library/PrivateFrameworks/MetadataUtilities.framework/Versions/A/MetadataUtilities
0x00007fff20e3f000 	/usr/lib/libmecabra.dylib
0x00007fff2a139000 	/System/Library/Frameworks/MLCompute.framework/Versions/A/MLCompute
0x00007fff29e5a000 	/usr/lib/libmecab.dylib
0x00007fff29ea4000 	/usr/lib/libgermantok.dylib
0x00007fff2a895000 	/usr/lib/libThaiTokenizer.dylib
0x00007fff2ae5b000 	/usr/lib/libChineseTokenizer.dylib
0x00007fff2a8ea000 	/System/Library/Frameworks/MetalPerformanceShaders.framework/Versions/A/MetalPerformanceShaders
0x00007fff2646d000 	/System/Library/Frameworks/Accelerate.framework/Versions/A/Frameworks/vImage.framework/Versions/A/vImage
0x00007fff3019d000 	/System/Library/Frameworks/Accelerate.framework/Versions/A/Frameworks/vecLib.framework/Versions/A/vecLib
0x00007fff2ae66000 	/System/Library/Frameworks/Accelerate.framework/Versions/A/Frameworks/vecLib.framework/Versions/A/libvMisc.dylib
0x00007fff298d0000 	/System/Library/Frameworks/Accelerate.framework/Versions/A/Frameworks/vecLib.framework/Versions/A/libvDSP.dylib
0x00007fff20b35000 	/System/Library/Frameworks/Accelerate.framework/Versions/A/Frameworks/vecLib.framework/Versions/A/libBLAS.dylib
0x00007fff2a910000 	/System/Library/Frameworks/Accelerate.framework/Versions/A/Frameworks/vecLib.framework/Versions/A/libLAPACK.dylib
0x00007fff29eaa000 	/System/Library/Frameworks/Accelerate.framework/Versions/A/Frameworks/vecLib.framework/Versions/A/libLinearAlgebra.dylib
0x00007fff2a8d7000 	/System/Library/Frameworks/Accelerate.framework/Versions/A/Frameworks/vecLib.framework/Versions/A/libSparseBLAS.dylib
0x00007fff2a90a000 	/System/Library/Frameworks/Accelerate.framework/Versions/A/Frameworks/vecLib.framework/Versions/A/libQuadrature.dylib
0x00007fff292c8000 	/System/Library/Frameworks/Accelerate.framework/Versions/A/Frameworks/vecLib.framework/Versions/A/libBNNS.dylib
0x00007fff20d1c000 	/System/Library/Frameworks/Accelerate.framework/Versions/A/Frameworks/vecLib.framework/Versions/A/libSparse.dylib
0x00007fff291b3000 	/System/Library/Frameworks/MetalPerformanceShaders.framework/Versions/A/Frameworks/MPSCore.framework/Versions/A/MPSCore
0x00007fff2a2f6000 	/System/Library/Frameworks/MetalPerformanceShaders.framework/Versions/A/Frameworks/MPSImage.framework/Versions/A/MPSImage
0x00007fff29ec1000 	/System/Library/Frameworks/MetalPerformanceShaders.framework/Versions/A/Frameworks/MPSNeuralNetwork.framework/Versions/A/MPSNeuralNetwork
0x00007fff2a281000 	/System/Library/Frameworks/MetalPerformanceShaders.framework/Versions/A/Frameworks/MPSMatrix.framework/Versions/A/MPSMatrix
0x00007fff2a0e9000 	/System/Library/Frameworks/MetalPerformanceShaders.framework/Versions/A/Frameworks/MPSRayIntersector.framework/Versions/A/MPSRayIntersector
0x00007fff2a2b8000 	/System/Library/Frameworks/MetalPerformanceShaders.framework/Versions/A/Frameworks/MPSNDArray.framework/Versions/A/MPSNDArray
0x00007fff20a61000 	/System/Library/PrivateFrameworks/MetalTools.framework/Versions/A/MetalTools
0x00007fff29218000 	/System/Library/PrivateFrameworks/AggregateDictionary.framework/Versions/A/AggregateDictionary
0x00007fff26356000 	/System/Library/PrivateFrameworks/CoreAnalytics.framework/Versions/A/CoreAnalytics
0x00007fff2a897000 	/System/Library/PrivateFrameworks/AppleSauce.framework/Versions/A/AppleSauce
0x00007fff2851e000 	/System/Library/PrivateFrameworks/IOAccelerator.framework/Versions/A/IOAccelerator
0x00007fff6cb2d000 	/System/Library/Frameworks/OpenGL.framework/Versions/A/Libraries/libCoreFSCache.dylib
0x00007fff213db000 	/System/Library/PrivateFrameworks/LanguageModeling.framework/Versions/A/LanguageModeling
0x00007fff29a61000 	/System/Library/PrivateFrameworks/CoreEmoji.framework/Versions/A/CoreEmoji
0x00007fff292c1000 	/System/Library/PrivateFrameworks/LinguisticData.framework/Versions/A/LinguisticData
0x00007fff20cce000 	/System/Library/PrivateFrameworks/Lexicon.framework/Versions/A/Lexicon
0x00007fff2a7a9000 	/usr/lib/libcmph.dylib
0x00007fff2734d000 	/System/Library/Frameworks/OpenDirectory.framework/Versions/A/Frameworks/CFOpenDirectory.framework/Versions/A/CFOpenDirectory
0x00007fff2733d000 	/System/Library/Frameworks/OpenDirectory.framework/Versions/A/OpenDirectory
0x00007fff2ad25000 	/System/Library/PrivateFrameworks/APFS.framework/Versions/A/APFS
0x00007fff29d86000 	/System/Library/Frameworks/SecurityFoundation.framework/Versions/A/SecurityFoundation
0x00007fff2ae2e000 	/usr/lib/libutil.dylib
0x00007fff229e9000 	/System/Library/PrivateFrameworks/CoreServicesStore.framework/Versions/A/CoreServicesStore
0x00007fff29e1d000 	/System/Library/Frameworks/ServiceManagement.framework/Versions/A/ServiceManagement
0x00007fff2ae32000 	/usr/lib/libxslt.1.dylib
0x00007fff29e13000 	/System/Library/PrivateFrameworks/BackgroundTaskManagement.framework/Versions/A/BackgroundTaskManagement
0x00007fff2bf76000 	/System/Library/Frameworks/ImageIO.framework/Versions/A/Resources/libRadiance.dylib
0x00007fff2bf7f000 	/System/Library/Frameworks/ImageIO.framework/Versions/A/Resources/libJPEG.dylib
0x00007fff2becb000 	/System/Library/Frameworks/ImageIO.framework/Versions/A/Resources/libPng.dylib
0x00007fff2bef2000 	/System/Library/Frameworks/ImageIO.framework/Versions/A/Resources/libTIFF.dylib
0x00007fff2bfd4000 	/System/Library/Frameworks/ImageIO.framework/Versions/A/Resources/libGIF.dylib
0x00007fff2bc2f000 	/System/Library/Frameworks/ImageIO.framework/Versions/A/Resources/libJP2.dylib
0x00007fff2b319000 	/usr/lib/libexpat.1.dylib
0x00007fff2bbe4000 	/System/Library/PrivateFrameworks/AppleJPEG.framework/Versions/A/AppleJPEG
0x00007fff28754000 	/System/Library/PrivateFrameworks/FontServices.framework/libFontParser.dylib
0x00007fff26100000 	/System/Library/PrivateFrameworks/RunningBoardServices.framework/Versions/A/RunningBoardServices
0x00007fff2bd0d000 	/System/Library/PrivateFrameworks/WatchdogClient.framework/Versions/A/WatchdogClient
0x00007fff214c8000 	/System/Library/Frameworks/CoreDisplay.framework/Versions/A/CoreDisplay
0x00007fff2866a000 	/System/Library/Frameworks/CoreMedia.framework/Versions/A/CoreMedia
0x00007fff274ca000 	/System/Library/Frameworks/CoreVideo.framework/Versions/A/CoreVideo
0x00007fff2bd45000 	/System/Library/Frameworks/VideoToolbox.framework/Versions/A/VideoToolbox
0x00007fff2607e000 	/System/Library/PrivateFrameworks/BaseBoard.framework/Versions/A/BaseBoard
0x00007fff2b45e000 	/System/Library/PrivateFrameworks/PersistentConnection.framework/Versions/A/PersistentConnection
0x00007fff25e19000 	/System/Library/PrivateFrameworks/ProtocolBuffer.framework/Versions/A/ProtocolBuffer
0x00007fff26065000 	/System/Library/PrivateFrameworks/CommonUtilities.framework/Versions/A/CommonUtilities
0x00007fff2bb79000 	/System/Library/PrivateFrameworks/Bom.framework/Versions/A/Bom
0x00007fff2bf6f000 	/System/Library/PrivateFrameworks/GPUWrangler.framework/Versions/A/GPUWrangler
0x00007fff2bf52000 	/System/Library/PrivateFrameworks/IOPresentment.framework/Versions/A/IOPresentment
0x00007fff2bf79000 	/System/Library/PrivateFrameworks/DSExternalDisplay.framework/Versions/A/DSExternalDisplay
0x00007fff2bfd9000 	/System/Library/PrivateFrameworks/CMCaptureCore.framework/Versions/A/CMCaptureCore
0x00007fff2b8fe000 	/System/Library/PrivateFrameworks/AppServerSupport.framework/Versions/A/AppServerSupport
0x00007fff2d9ad000 	/System/Library/PrivateFrameworks/perfdata.framework/Versions/A/perfdata
0x00007fff29d75000 	/System/Library/PrivateFrameworks/AssertionServices.framework/Versions/A/AssertionServices
0x00007fff215ff000 	/System/Library/PrivateFrameworks/AudioToolboxCore.framework/Versions/A/AudioToolboxCore
0x00007fff2864d000 	/System/Library/PrivateFrameworks/caulk.framework/Versions/A/caulk
0x00007fff3d658000 	/System/Library/PrivateFrameworks/SystemPolicy.framework/Versions/A/SystemPolicy
0x00007fff2b10e000 	/usr/lib/libIOReport.dylib
0x00007fff2d1cf000 	/usr/lib/libSMC.dylib
0x00007fff2be98000 	/usr/lib/libAudioToolboxUtility.dylib
0x00007fff3dfc2000 	/usr/lib/libmis.dylib
0x00007fff6cb89000 	/System/Library/Frameworks/OpenGL.framework/Versions/A/Libraries/libGLU.dylib
0x00007fff6cb4c000 	/System/Library/Frameworks/OpenGL.framework/Versions/A/Libraries/libGFXShared.dylib
0x00007fff6cd5b000 	/System/Library/Frameworks/OpenGL.framework/Versions/A/Libraries/libGL.dylib
0x00007fff6cb55000 	/System/Library/Frameworks/OpenGL.framework/Versions/A/Libraries/libGLImage.dylib
0x00007fff6cb49000 	/System/Library/Frameworks/OpenGL.framework/Versions/A/Libraries/libCVMSPluginSupport.dylib
0x00007fff6cb34000 	/System/Library/Frameworks/OpenGL.framework/Versions/A/Libraries/libCoreVMClient.dylib
0x00007fff6e19c000 	/System/Library/Frameworks/OpenCL.framework/Versions/A/OpenCL
0x00007fff2b488000 	/System/Library/PrivateFrameworks/GraphVisualizer.framework/Versions/A/GraphVisualizer
0x00007fff2b497000 	/System/Library/PrivateFrameworks/FaceCore.framework/Versions/A/FaceCore
0x00007fff2b8b3000 	/System/Library/PrivateFrameworks/OTSVG.framework/Versions/A/OTSVG
0x00007fff270c1000 	/System/Library/Frameworks/ApplicationServices.framework/Versions/A/Frameworks/ATS.framework/Versions/A/Resources/libFontRegistry.dylib
0x00007fff2b905000 	/System/Library/PrivateFrameworks/FontServices.framework/libhvf.dylib
0x00007fff2b2c5000 	/System/Library/PrivateFrameworks/AppleVA.framework/Versions/A/AppleVA
0x00007fff2d018000 	/System/Library/Frameworks/ApplicationServices.framework/Versions/A/Frameworks/ATS.framework/Versions/A/ATS
0x00007fff2d32a000 	/System/Library/Frameworks/ApplicationServices.framework/Versions/A/Frameworks/ColorSyncLegacy.framework/Versions/A/ColorSyncLegacy
0x00007fff255e2000 	/System/Library/Frameworks/ApplicationServices.framework/Versions/A/Frameworks/HIServices.framework/Versions/A/HIServices
0x00007fff2d30f000 	/System/Library/Frameworks/ApplicationServices.framework/Versions/A/Frameworks/LangAnalysis.framework/Versions/A/LangAnalysis
0x00007fff2bfe3000 	/System/Library/Frameworks/ApplicationServices.framework/Versions/A/Frameworks/PrintCore.framework/Versions/A/PrintCore
0x00007fff2d332000 	/System/Library/Frameworks/ApplicationServices.framework/Versions/A/Frameworks/QD.framework/Versions/A/QD
0x00007fff2d008000 	/System/Library/Frameworks/ApplicationServices.framework/Versions/A/Frameworks/SpeechSynthesis.framework/Versions/A/SpeechSynthesis
0x00007fff2bfa4000 	/System/Library/Frameworks/ApplicationServices.framework/Versions/A/Frameworks/ATSUI.framework/Versions/A/ATSUI
0x00007fff2d2af000 	/usr/lib/libcups.2.dylib
0x00007fff2d31f000 	/System/Library/PrivateFrameworks/NetAuth.framework/Versions/A/NetAuth
0x00007fff2d9c9000 	/System/Library/Frameworks/Kerberos.framework/Versions/A/Kerberos
0x00007fff2d9d9000 	/System/Library/Frameworks/GSS.framework/Versions/A/GSS
0x00007fff2d084000 	/usr/lib/libresolv.9.dylib
0x00007fff2b91a000 	/System/Library/PrivateFrameworks/Heimdal.framework/Versions/A/Heimdal
0x00007fff3375d000 	/System/Library/Frameworks/Kerberos.framework/Versions/A/Libraries/libHeimdalProxy.dylib
0x00007fff261d1000 	/System/Library/Frameworks/Network.framework/Versions/A/Network
0x00007fff2b333000 	/usr/lib/libheimdal-asn1.dylib
0x00007fff2da29000 	/System/Library/PrivateFrameworks/CommonAuth.framework/Versions/A/CommonAuth
0x00007fff27517000 	/System/Library/PrivateFrameworks/login.framework/Versions/A/Frameworks/loginsupport.framework/Versions/A/loginsupport
0x00007fff2cf8d000 	/System/Library/PrivateFrameworks/AudioSession.framework/Versions/A/AudioSession
0x00007fff2cff5000 	/usr/lib/libAudioStatistics.dylib
0x00007fff2b3c0000 	/System/Library/PrivateFrameworks/MediaExperience.framework/Versions/A/MediaExperience
0x00007fff2ce2a000 	/System/Library/PrivateFrameworks/AudioSession.framework/libSessionUtility.dylib
0x00007fff2d9ba000 	/usr/lib/libperfcheck.dylib
0x00007fff2d33e000 	/System/Library/PrivateFrameworks/AudioResourceArbitration.framework/Versions/A/AudioResourceArbitration
0x00007fff2b33d000 	/System/Library/PrivateFrameworks/IconFoundation.framework/Versions/A/IconFoundation
0x00007fff2fe67000 	/System/Library/PrivateFrameworks/SpeechRecognitionCore.framework/Versions/A/SpeechRecognitionCore
0x00007fff5df63000 	/System/Library/CoreServices/Encodings/libKoreanConverter.dylib
0x000000010d000000 	/Applications/Android Studio.app/Contents/jre/jdk/Contents/Home/lib/server/libjvm.dylib
0x0000000108f7f000 	/Applications/Android Studio.app/Contents/jre/jdk/Contents/Home/lib/libverify.dylib
0x000000010f0c0000 	/Applications/Android Studio.app/Contents/jre/jdk/Contents/Home/lib/libjava.dylib
0x000000010f126000 	/Applications/Android Studio.app/Contents/jre/jdk/Contents/Home/lib/libjimage.dylib
0x000000010f140000 	/Applications/Android Studio.app/Contents/jre/jdk/Contents/Home/lib/libinstrument.dylib
0x000000010f1a4000 	/Applications/Android Studio.app/Contents/jre/jdk/Contents/Home/lib/libzip.dylib
0x000000012fb9b000 	/Applications/Android Studio.app/Contents/jre/jdk/Contents/Home/lib/libnio.dylib
0x000000012fbc7000 	/Applications/Android Studio.app/Contents/jre/jdk/Contents/Home/lib/libnet.dylib
0x0000000108fd9000 	/Applications/Android Studio.app/Contents/jre/jdk/Contents/Home/lib/libextnet.dylib


VM Arguments:
jvm_args: -javaagent:/Applications/Android Studio.app/Contents/lib/idea_rt.jar=62252:/Applications/Android Studio.app/Contents/bin -Dfile.encoding=UTF-8 
java_command: com.example.myapplication.Kotlin._19_AssignmentKt
java_class_path (initial): /Users/woong_9yo/Library/Android/sdk/platforms/android-30/android.jar:/Users/woong_9yo/Library/Android/sdk/platforms/android-30/data/res:/Users/woong_9yo/Desktop/WorkPlace/Android/Kotlin_Study/app/build/intermediates/javac/debug/classes:/Users/woong_9yo/Desktop/WorkPlace/Android/Kotlin_Study/app/build/intermediates/compile_and_runtime_not_namespaced_r_class_jar/debug/R.jar:/Users/woong_9yo/Desktop/WorkPlace/Android/Kotlin_Study/app/build/tmp/kotlin-classes/debug:/Users/woong_9yo/Desktop/WorkPlace/Android/Kotlin_Study/app/build/generated/res/resValues/debug:/Users/woong_9yo/.gradle/caches/modules-2/files-2.1/org.jetbrains.kotlin/kotlin-stdlib/1.5.0/29dae2501ca094416d15af0e21470cb634780444/kotlin-stdlib-1.5.0.jar:/Users/woong_9yo/.gradle/caches/modules-2/files-2.1/org.jetbrains/annotations/13.0/919f0dfe192fb4e063e7dacadee7f8bb9a2672a9/annotations-13.0.jar:/Users/woong_9yo/.gradle/caches/modules-2/files-2.1/org.jetbrains.kotlin/kotlin-stdlib-common/1.5.0/4080d69efca5e39e9b4972f125e40f1607bd6460/kotlin-stdlib-common-1.5.0.jar:/Users/woong_9yo/.gradle/caches/modules-2/files-2.1/androidx.collection/collection/1.1.0/1f27220b47669781457de0d600849a5de0e89909/collection-1.1.0.jar:/Users/woong_9yo/.gradle/caches/modules-2/files-2.1/androidx.lifecycle/lifecycle-common/2.3.1/fc466261d52f4433863642fb40d12441ae274a98/lifecycle-common-2.3.1.jar:/Users/woong_9yo/.gradle/caches/modules-2/files-2.1/androidx.arch.core/core-common/2.1.0/b3152fc64428c9354344bd89848ecddc09b6f07e/core-common-2.1.0.jar:/Users/woong_9yo/.gradle/caches/modules-2/files-2.1/androidx.annotation/annotation/1.2.0/57136ff68ee784c6e19db34ed4a175338fadfde1/annotation-1.2.0.jar:/Users/woong_9yo/.gradle/caches/modules-2/files-2.1/androidx.constraintlayout/constraintlayout-solver/2.0.4/1f001d7db280a89a6c26b26a66eb064bb6d5efeb/constraintlayout-solver-2.0.4.jar:/Users/woong_9yo/.gradle/caches/transforms-2/files-2.1/7e08e71c97c8de0f8a2c8197f8f66601/core-ktx-1.5.0/jars/classes.jar:/Users/woong_9
Launcher Type: SUN_STANDARD

[Global flags]
     intx CICompilerCount                          = 4                                         {product} {ergonomic}
     uint ConcGCThreads                            = 2                                         {product} {ergonomic}
     uint G1ConcRefinementThreads                  = 8                                         {product} {ergonomic}
   size_t G1HeapRegionSize                         = 1048576                                   {product} {ergonomic}
    uintx GCDrainStackTargetSize                   = 64                                        {product} {ergonomic}
   size_t InitialHeapSize                          = 268435456                                 {product} {ergonomic}
   size_t MarkStackSize                            = 4194304                                   {product} {ergonomic}
   size_t MaxHeapSize                              = 4294967296                                {product} {ergonomic}
   size_t MaxNewSize                               = 2576351232                                {product} {ergonomic}
   size_t MinHeapDeltaBytes                        = 1048576                                   {product} {ergonomic}
    uintx NonNMethodCodeHeapSize                   = 5836300                                {pd product} {ergonomic}
    uintx NonProfiledCodeHeapSize                  = 122910970                              {pd product} {ergonomic}
    uintx ProfiledCodeHeapSize                     = 122910970                              {pd product} {ergonomic}
    uintx ReservedCodeCacheSize                    = 251658240                              {pd product} {ergonomic}
     bool SegmentedCodeCache                       = true                                      {product} {ergonomic}
     bool UseCompressedClassPointers               = true                                 {lp64_product} {ergonomic}
     bool UseCompressedOops                        = true                                 {lp64_product} {ergonomic}
     bool UseG1GC                                  = true                                      {product} {ergonomic}

Logging:
Log output configuration:
 #0: stdout all=warning uptime,level,tags
 #1: stderr all=off uptime,level,tags

Environment Variables:
PATH=/opt/homebrew/opt/ruby@2.7/bin:/Users/woong_9yo/.rbenv/shims:/Users/woong_9yo/.rbenv/bin:/opt/homebrew/bin:/opt/homebrew/sbin:/Library/Frameworks/Python.framework/Versions/3.9/bin:/usr/local/bin:/usr/bin:/bin:/usr/sbin:/sbin:/usr/local/share/dotnet:~/.dotnet/tools:/Library/Apple/usr/bin:/Library/Frameworks/Mono.framework/Versions/Current/Commands:/Library/Java/JavaVirtualMachines/jdk-16.0.1.jdk/Contents/Home/bin
SHELL=/bin/zsh
LC_CTYPE=ko_KR.UTF-8

Signal Handlers:
SIGSEGV: [libjvm.dylib+0x7426da], sa_mask[0]=11111111111111111111111111111111, sa_flags=SA_ONSTACK|SA_RESTART|SA_SIGINFO
SIGBUS: [libjvm.dylib+0x7426da], sa_mask[0]=11111111111111111111111111111111, sa_flags=SA_RESTART|SA_SIGINFO
SIGFPE: [libjvm.dylib+0x7426da], sa_mask[0]=11111111111111111111111111111111, sa_flags=SA_RESTART|SA_SIGINFO
SIGPIPE: [libjvm.dylib+0x5f4223], sa_mask[0]=11111111111111111111111111111111, sa_flags=SA_RESTART|SA_SIGINFO
SIGXFSZ: [libjvm.dylib+0x5f4223], sa_mask[0]=11111111111111111111111111111111, sa_flags=SA_RESTART|SA_SIGINFO
SIGILL: [libjvm.dylib+0x7426da], sa_mask[0]=11111111111111111111111111111111, sa_flags=SA_RESTART|SA_SIGINFO
SIGUSR2: [libjvm.dylib+0x5f480b], sa_mask[0]=00100000000000000000000000000000, sa_flags=SA_RESTART|SA_SIGINFO
SIGHUP: [libjvm.dylib+0x5f3351], sa_mask[0]=11111111111111111111111111111111, sa_flags=SA_RESTART|SA_SIGINFO
SIGINT: [libjvm.dylib+0x5f3351], sa_mask[0]=11111111111111111111111111111111, sa_flags=SA_RESTART|SA_SIGINFO
SIGTERM: [libjvm.dylib+0x5f3351], sa_mask[0]=11111111111111111111111111111111, sa_flags=SA_RESTART|SA_SIGINFO
SIGQUIT: [libjvm.dylib+0x5f3351], sa_mask[0]=11111111111111111111111111111111, sa_flags=SA_RESTART|SA_SIGINFO


---------------  S Y S T E M  ---------------

OS:uname:Darwin 20.3.0 Darwin Kernel Version 20.3.0: Thu Jan 21 00:06:51 PST 2021; root:xnu-7195.81.3~1/RELEASE_ARM64_T8101 x86_64
OS uptime: 79 days 4:40 hours
rlimit (soft/hard): STACK 8176k/65520k , CORE 0k/infinity , NPROC 2666/4000 , NOFILE 10240/infinity , AS infinity/infinity , CPU infinity/infinity , DATA infinity/infinity , FSIZE infinity/infinity , MEMLOCK infinity/infinity , RSS infinity/infinity
load average:2.54 2.59 2.46

CPU:total 8 (initial active 8) (1 cores per cpu, 1 threads per core) family 6 model 44 stepping 0, cmov, cx8, fxsr, mmx, sse, sse2, sse3, ssse3, sse4.1, sse4.2, popcnt, aes, clmul, tsc, tscinvbit, tscinv

Memory: 4k page, physical 16777216k(32848k free), swap 6291456k(1314560k free)

vm_info: OpenJDK 64-Bit Server VM (11.0.8+10-b944.6916264) for bsd-amd64 JRE (11.0.8+10-b944.6916264), built on Dec 31 2020 16:59:49 by "builder" with gcc 4.2.1 Compatible Apple LLVM 10.0.1 (clang-1001.0.46.4)

END.
